Jun 26 12:35:07 H8 systemd[1]: Starting netclient.service - Netclient Daemon...
Jun 26 12:35:24 H8 systemd[1]: Started netclient.service - Netclient Daemon.
Jun 26 12:35:24 H8 netclient[2619]: daemon called
Jun 26 12:35:24 H8 netclient[2619]: [netclient] 2024-06-26 12:35:24 Starting firewall...
Jun 26 12:35:24 H8 netclient[2619]: [netclient] 2024-06-26 12:35:24 iptables is supported
Jun 26 12:35:24 H8 netclient[2619]: [netclient] 2024-06-26 12:35:24 adding forwarding rule
Jun 26 12:35:24 H8 netclient[2619]: {"time":"2024-06-26T12:35:24.812899554Z","level":"ERROR","source":"daemon.go 219}","msg":"fail to pull config from server","error":"server config not found"}
Jun 26 12:35:24 H8 netclient[2619]: [netclient] 2024-06-26 12:35:24 adding addresses to netmaker interface
Jun 26 12:40:07 H8 netclient[2619]: completed pull for server dentest.clustercat.com
Jun 26 12:40:07 H8 netclient[2619]: [netclient] 2024-06-26 12:40:07 adding addresses to netmaker interface
Jun 26 12:40:07 H8 netclient[2619]: [netclient] 2024-06-26 12:40:07 initialized endpoint detection on port 51821
Jun 26 12:40:08 H8 netclient[2619]: [netclient] 2024-06-26 12:40:08 initialized endpoint detection on port 51821
Jun 26 12:40:10 H8 netclient[2619]: {"time":"2024-06-26T12:40:10.148306352Z","level":"ERROR","source":"mqhandlers.go 151}","msg":"error updating client to server's version","error":"specified version of netclient doesn't exist https://github.com/gravitl/netclient/releases/download/v0.24.3/netclient-linux-amd64"}
Jun 26 12:40:10 H8 netclient[2619]: [netclient] 2024-06-26 12:40:10 adding addresses to netmaker interface
Jun 26 12:40:30 H8 netclient[2619]: {"time":"2024-06-26T12:40:30.450291548Z","level":"ERROR","source":"mqhandlers.go 151}","msg":"error updating client to server's version","error":"specified version of netclient doesn't exist https://github.com/gravitl/netclient/releases/download/v0.24.3/netclient-linux-amd64"}
Jun 26 12:40:56 H8 netclient[2619]: {"time":"2024-06-26T12:40:56.288295838Z","level":"ERROR","source":"mqhandlers.go 151}","msg":"error updating client to server's version","error":"specified version of netclient doesn't exist https://github.com/gravitl/netclient/releases/download/v0.24.3/netclient-linux-amd64"}
Jun 26 12:42:37 H8 netclient[2619]: {"time":"2024-06-26T12:42:37.119566723Z","level":"ERROR","source":"mqhandlers.go 151}","msg":"error updating client to server's version","error":"specified version of netclient doesn't exist https://github.com/gravitl/netclient/releases/download/v0.24.3/netclient-linux-amd64"}
Jun 26 12:46:38 H8 netclient[2619]: {"time":"2024-06-26T12:46:38.968325535Z","level":"ERROR","source":"mqhandlers.go 151}","msg":"error updating client to server's version","error":"specified version of netclient doesn't exist https://github.com/gravitl/netclient/releases/download/v0.24.3/netclient-linux-amd64"}
Jun 26 12:47:36 H8 netclient[2619]: {"time":"2024-06-26T12:47:36.879822524Z","level":"ERROR","source":"mqhandlers.go 151}","msg":"error updating client to server's version","error":"specified version of netclient doesn't exist https://github.com/gravitl/netclient/releases/download/v0.24.3/netclient-linux-amd64"}
Jun 26 12:47:38 H8 netclient[2619]: {"time":"2024-06-26T12:47:38.829574181Z","level":"ERROR","source":"mqhandlers.go 151}","msg":"error updating client to server's version","error":"specified version of netclient doesn't exist https://github.com/gravitl/netclient/releases/download/v0.24.3/netclient-linux-amd64"}
Jun 26 12:47:39 H8 netclient[2619]: {"time":"2024-06-26T12:47:39.444773651Z","level":"ERROR","source":"mqhandlers.go 151}","msg":"error updating client to server's version","error":"specified version of netclient doesn't exist https://github.com/gravitl/netclient/releases/download/v0.24.3/netclient-linux-amd64"}
Jun 26 12:48:27 H8 netclient[2619]: {"time":"2024-06-26T12:48:27.770788126Z","level":"ERROR","source":"mqhandlers.go 151}","msg":"error updating client to server's version","error":"specified version of netclient doesn't exist https://github.com/gravitl/netclient/releases/download/v0.24.3/netclient-linux-amd64"}
Jun 26 12:49:15 H8 netclient[2619]: {"time":"2024-06-26T12:49:15.072283903Z","level":"ERROR","source":"mqhandlers.go 151}","msg":"error updating client to server's version","error":"specified version of netclient doesn't exist https://github.com/gravitl/netclient/releases/download/v0.24.3/netclient-linux-amd64"}
Jun 26 12:49:15 H8 netclient[2619]: {"time":"2024-06-26T12:49:15.321883063Z","level":"ERROR","source":"mqhandlers.go 151}","msg":"error updating client to server's version","error":"specified version of netclient doesn't exist https://github.com/gravitl/netclient/releases/download/v0.24.3/netclient-linux-amd64"}
Jun 26 12:49:33 H8 netclient[2619]: {"time":"2024-06-26T12:49:33.760279616Z","level":"ERROR","source":"mqhandlers.go 151}","msg":"error updating client to server's version","error":"specified version of netclient doesn't exist https://github.com/gravitl/netclient/releases/download/v0.24.3/netclient-linux-amd64"}
Jun 26 12:49:45 H8 netclient[2619]: {"time":"2024-06-26T12:49:45.904160333Z","level":"ERROR","source":"mqhandlers.go 151}","msg":"error updating client to server's version","error":"specified version of netclient doesn't exist https://github.com/gravitl/netclient/releases/download/v0.24.3/netclient-linux-amd64"}
Jun 26 12:49:52 H8 netclient[2619]: {"time":"2024-06-26T12:49:52.250166726Z","level":"ERROR","source":"mqhandlers.go 151}","msg":"error updating client to server's version","error":"specified version of netclient doesn't exist https://github.com/gravitl/netclient/releases/download/v0.24.3/netclient-linux-amd64"}
Jun 26 12:50:10 H8 netclient[2619]: {"time":"2024-06-26T12:50:10.777107638Z","level":"ERROR","source":"mqhandlers.go 151}","msg":"error updating client to server's version","error":"specified version of netclient doesn't exist https://github.com/gravitl/netclient/releases/download/v0.24.3/netclient-linux-amd64"}
Jun 26 12:50:11 H8 netclient[2619]: {"time":"2024-06-26T12:50:11.453936355Z","level":"ERROR","source":"mqhandlers.go 151}","msg":"error updating client to server's version","error":"specified version of netclient doesn't exist https://github.com/gravitl/netclient/releases/download/v0.24.3/netclient-linux-amd64"}
Jun 26 12:52:37 H8 netclient[2619]: {"time":"2024-06-26T12:52:37.182057912Z","level":"ERROR","source":"mqhandlers.go 151}","msg":"error updating client to server's version","error":"specified version of netclient doesn't exist https://github.com/gravitl/netclient/releases/download/v0.24.3/netclient-linux-amd64"}
Jun 26 12:57:37 H8 netclient[2619]: {"time":"2024-06-26T12:57:37.282920392Z","level":"ERROR","source":"mqhandlers.go 151}","msg":"error updating client to server's version","error":"specified version of netclient doesn't exist https://github.com/gravitl/netclient/releases/download/v0.24.3/netclient-linux-amd64"}
Jun 26 13:02:37 H8 netclient[2619]: {"time":"2024-06-26T13:02:37.33862528Z","level":"ERROR","source":"mqhandlers.go 151}","msg":"error updating client to server's version","error":"specified version of netclient doesn't exist https://github.com/gravitl/netclient/releases/download/v0.24.3/netclient-linux-amd64"}
Jun 26 13:07:37 H8 netclient[2619]: {"time":"2024-06-26T13:07:37.377746703Z","level":"ERROR","source":"mqhandlers.go 151}","msg":"error updating client to server's version","error":"specified version of netclient doesn't exist https://github.com/gravitl/netclient/releases/download/v0.24.3/netclient-linux-amd64"}
Jun 26 13:12:37 H8 netclient[2619]: {"time":"2024-06-26T13:12:37.454919883Z","level":"ERROR","source":"mqhandlers.go 151}","msg":"error updating client to server's version","error":"specified version of netclient doesn't exist https://github.com/gravitl/netclient/releases/download/v0.24.3/netclient-linux-amd64"}
Jun 26 13:17:37 H8 netclient[2619]: {"time":"2024-06-26T13:17:37.511532115Z","level":"ERROR","source":"mqhandlers.go 151}","msg":"error updating client to server's version","error":"specified version of netclient doesn't exist https://github.com/gravitl/netclient/releases/download/v0.24.3/netclient-linux-amd64"}
Jun 26 13:22:37 H8 netclient[2619]: {"time":"2024-06-26T13:22:37.563164283Z","level":"ERROR","source":"mqhandlers.go 151}","msg":"error updating client to server's version","error":"specified version of netclient doesn't exist https://github.com/gravitl/netclient/releases/download/v0.24.3/netclient-linux-amd64"}
Jun 26 13:27:37 H8 netclient[2619]: {"time":"2024-06-26T13:27:37.667611695Z","level":"ERROR","source":"mqhandlers.go 151}","msg":"error updating client to server's version","error":"specified version of netclient doesn't exist https://github.com/gravitl/netclient/releases/download/v0.24.3/netclient-linux-amd64"}
Jun 26 13:32:37 H8 netclient[2619]: {"time":"2024-06-26T13:32:37.723170118Z","level":"ERROR","source":"mqhandlers.go 151}","msg":"error updating client to server's version","error":"specified version of netclient doesn't exist https://github.com/gravitl/netclient/releases/download/v0.24.3/netclient-linux-amd64"}
Jun 26 13:37:37 H8 netclient[2619]: {"time":"2024-06-26T13:37:37.787655781Z","level":"ERROR","source":"mqhandlers.go 151}","msg":"error updating client to server's version","error":"specified version of netclient doesn't exist https://github.com/gravitl/netclient/releases/download/v0.24.3/netclient-linux-amd64"}
Jun 26 13:42:37 H8 netclient[2619]: {"time":"2024-06-26T13:42:37.832179748Z","level":"ERROR","source":"mqhandlers.go 151}","msg":"error updating client to server's version","error":"specified version of netclient doesn't exist https://github.com/gravitl/netclient/releases/download/v0.24.3/netclient-linux-amd64"}
Jun 26 13:47:37 H8 netclient[2619]: {"time":"2024-06-26T13:47:37.885849289Z","level":"ERROR","source":"mqhandlers.go 151}","msg":"error updating client to server's version","error":"specified version of netclient doesn't exist https://github.com/gravitl/netclient/releases/download/v0.24.3/netclient-linux-amd64"}
Jun 26 13:52:37 H8 netclient[2619]: {"time":"2024-06-26T13:52:37.978507166Z","level":"ERROR","source":"mqhandlers.go 151}","msg":"error updating client to server's version","error":"specified version of netclient doesn't exist https://github.com/gravitl/netclient/releases/download/v0.24.3/netclient-linux-amd64"}
Jun 26 13:57:38 H8 netclient[2619]: {"time":"2024-06-26T13:57:38.037761165Z","level":"ERROR","source":"mqhandlers.go 151}","msg":"error updating client to server's version","error":"specified version of netclient doesn't exist https://github.com/gravitl/netclient/releases/download/v0.24.3/netclient-linux-amd64"}
Jun 26 14:02:38 H8 netclient[2619]: {"time":"2024-06-26T14:02:38.125180834Z","level":"ERROR","source":"mqhandlers.go 151}","msg":"error updating client to server's version","error":"specified version of netclient doesn't exist https://github.com/gravitl/netclient/releases/download/v0.24.3/netclient-linux-amd64"}
Jun 26 14:07:38 H8 netclient[2619]: {"time":"2024-06-26T14:07:38.133371283Z","level":"ERROR","source":"mqhandlers.go 151}","msg":"error updating client to server's version","error":"specified version of netclient doesn't exist https://github.com/gravitl/netclient/releases/download/v0.24.3/netclient-linux-amd64"}
Jun 26 14:12:38 H8 netclient[2619]: {"time":"2024-06-26T14:12:38.667420497Z","level":"ERROR","source":"mqhandlers.go 151}","msg":"error updating client to server's version","error":"specified version of netclient doesn't exist https://github.com/gravitl/netclient/releases/download/v0.24.3/netclient-linux-amd64"}
Jun 26 14:17:38 H8 netclient[2619]: {"time":"2024-06-26T14:17:38.271242522Z","level":"ERROR","source":"mqhandlers.go 151}","msg":"error updating client to server's version","error":"specified version of netclient doesn't exist https://github.com/gravitl/netclient/releases/download/v0.24.3/netclient-linux-amd64"}
Jun 26 14:22:38 H8 netclient[2619]: {"time":"2024-06-26T14:22:38.380293627Z","level":"ERROR","source":"mqhandlers.go 151}","msg":"error updating client to server's version","error":"specified version of netclient doesn't exist https://github.com/gravitl/netclient/releases/download/v0.24.3/netclient-linux-amd64"}
Jun 26 14:27:38 H8 netclient[2619]: {"time":"2024-06-26T14:27:38.496951945Z","level":"ERROR","source":"mqhandlers.go 151}","msg":"error updating client to server's version","error":"specified version of netclient doesn't exist https://github.com/gravitl/netclient/releases/download/v0.24.3/netclient-linux-amd64"}
Jun 26 14:32:38 H8 netclient[2619]: {"time":"2024-06-26T14:32:38.499351896Z","level":"ERROR","source":"mqhandlers.go 151}","msg":"error updating client to server's version","error":"specified version of netclient doesn't exist https://github.com/gravitl/netclient/releases/download/v0.24.3/netclient-linux-amd64"}
Jun 26 14:37:38 H8 netclient[2619]: {"time":"2024-06-26T14:37:38.560322234Z","level":"ERROR","source":"mqhandlers.go 151}","msg":"error updating client to server's version","error":"specified version of netclient doesn't exist https://github.com/gravitl/netclient/releases/download/v0.24.3/netclient-linux-amd64"}
Jun 26 14:42:38 H8 netclient[2619]: {"time":"2024-06-26T14:42:38.635265272Z","level":"ERROR","source":"mqhandlers.go 151}","msg":"error updating client to server's version","error":"specified version of netclient doesn't exist https://github.com/gravitl/netclient/releases/download/v0.24.3/netclient-linux-amd64"}
Jun 26 14:47:38 H8 netclient[2619]: {"time":"2024-06-26T14:47:38.730237416Z","level":"ERROR","source":"mqhandlers.go 151}","msg":"error updating client to server's version","error":"specified version of netclient doesn't exist https://github.com/gravitl/netclient/releases/download/v0.24.3/netclient-linux-amd64"}
Jun 26 14:52:38 H8 netclient[2619]: {"time":"2024-06-26T14:52:38.737797218Z","level":"ERROR","source":"mqhandlers.go 151}","msg":"error updating client to server's version","error":"specified version of netclient doesn't exist https://github.com/gravitl/netclient/releases/download/v0.24.3/netclient-linux-amd64"}
Jun 26 14:56:26 H8 netclient[2619]: {"time":"2024-06-26T14:56:26.170193209Z","level":"ERROR","source":"mqhandlers.go 151}","msg":"error updating client to server's version","error":"specified version of netclient doesn't exist https://github.com/gravitl/netclient/releases/download/v0.24.3/netclient-linux-amd64"}
Jun 26 14:56:26 H8 netclient[2619]: {"time":"2024-06-26T14:56:26.267910516Z","level":"ERROR","source":"mqhandlers.go 151}","msg":"error updating client to server's version","error":"specified version of netclient doesn't exist https://github.com/gravitl/netclient/releases/download/v0.24.3/netclient-linux-amd64"}
Jun 26 14:56:33 H8 netclient[2619]: {"time":"2024-06-26T14:56:33.828070692Z","level":"ERROR","source":"mqhandlers.go 151}","msg":"error updating client to server's version","error":"specified version of netclient doesn't exist https://github.com/gravitl/netclient/releases/download/v0.24.3/netclient-linux-amd64"}
Jun 26 14:56:34 H8 netclient[2619]: {"time":"2024-06-26T14:56:34.042931109Z","level":"ERROR","source":"mqhandlers.go 151}","msg":"error updating client to server's version","error":"specified version of netclient doesn't exist https://github.com/gravitl/netclient/releases/download/v0.24.3/netclient-linux-amd64"}
Jun 26 14:56:38 H8 netclient[2619]: {"time":"2024-06-26T14:56:38.39768409Z","level":"ERROR","source":"mqhandlers.go 151}","msg":"error updating client to server's version","error":"specified version of netclient doesn't exist https://github.com/gravitl/netclient/releases/download/v0.24.3/netclient-linux-amd64"}
Jun 26 14:56:38 H8 netclient[2619]: {"time":"2024-06-26T14:56:38.647324507Z","level":"ERROR","source":"mqhandlers.go 151}","msg":"error updating client to server's version","error":"specified version of netclient doesn't exist https://github.com/gravitl/netclient/releases/download/v0.24.3/netclient-linux-amd64"}
Jun 26 14:56:46 H8 netclient[2619]: {"time":"2024-06-26T14:56:46.186479169Z","level":"ERROR","source":"mqhandlers.go 151}","msg":"error updating client to server's version","error":"specified version of netclient doesn't exist https://github.com/gravitl/netclient/releases/download/v0.24.3/netclient-linux-amd64"}
Jun 26 14:56:46 H8 netclient[2619]: {"time":"2024-06-26T14:56:46.541264749Z","level":"ERROR","source":"mqhandlers.go 151}","msg":"error updating client to server's version","error":"specified version of netclient doesn't exist https://github.com/gravitl/netclient/releases/download/v0.24.3/netclient-linux-amd64"}
Jun 26 14:57:38 H8 netclient[2619]: {"time":"2024-06-26T14:57:38.840480141Z","level":"ERROR","source":"mqhandlers.go 151}","msg":"error updating client to server's version","error":"specified version of netclient doesn't exist https://github.com/gravitl/netclient/releases/download/v0.24.3/netclient-linux-amd64"}
Jun 26 14:59:45 H8 netclient[2619]: {"time":"2024-06-26T14:59:45.445032187Z","level":"ERROR","source":"mqhandlers.go 151}","msg":"error updating client to server's version","error":"specified version of netclient doesn't exist https://github.com/gravitl/netclient/releases/download/v0.24.3/netclient-linux-amd64"}
Jun 26 14:59:48 H8 netclient[2619]: {"time":"2024-06-26T14:59:48.668254653Z","level":"ERROR","source":"mqhandlers.go 151}","msg":"error updating client to server's version","error":"specified version of netclient doesn't exist https://github.com/gravitl/netclient/releases/download/v0.24.3/netclient-linux-amd64"}
Jun 26 14:59:55 H8 netclient[2619]: {"time":"2024-06-26T14:59:55.689698213Z","level":"ERROR","source":"mqhandlers.go 151}","msg":"error updating client to server's version","error":"specified version of netclient doesn't exist https://github.com/gravitl/netclient/releases/download/v0.24.3/netclient-linux-amd64"}
Jun 26 14:59:59 H8 netclient[2619]: {"time":"2024-06-26T14:59:59.12672718Z","level":"ERROR","source":"mqhandlers.go 151}","msg":"error updating client to server's version","error":"specified version of netclient doesn't exist https://github.com/gravitl/netclient/releases/download/v0.24.3/netclient-linux-amd64"}
Jun 26 15:00:42 H8 netclient[2619]: {"time":"2024-06-26T15:00:42.023621101Z","level":"ERROR","source":"mqhandlers.go 151}","msg":"error updating client to server's version","error":"specified version of netclient doesn't exist https://github.com/gravitl/netclient/releases/download/v0.24.3/netclient-linux-amd64"}
Jun 26 15:00:42 H8 netclient[2619]: {"time":"2024-06-26T15:00:42.248471977Z","level":"ERROR","source":"mqhandlers.go 151}","msg":"error updating client to server's version","error":"specified version of netclient doesn't exist https://github.com/gravitl/netclient/releases/download/v0.24.3/netclient-linux-amd64"}
Jun 26 15:00:42 H8 netclient[2619]: {"time":"2024-06-26T15:00:42.708270786Z","level":"ERROR","source":"mqhandlers.go 151}","msg":"error updating client to server's version","error":"specified version of netclient doesn't exist https://github.com/gravitl/netclient/releases/download/v0.24.3/netclient-linux-amd64"}
Jun 26 15:02:38 H8 netclient[2619]: {"time":"2024-06-26T15:02:38.816078033Z","level":"ERROR","source":"mqhandlers.go 151}","msg":"error updating client to server's version","error":"specified version of netclient doesn't exist https://github.com/gravitl/netclient/releases/download/v0.24.3/netclient-linux-amd64"}
Jun 26 15:05:17 H8 netclient[2619]: [netclient] 2024-06-26 15:05:17 checkin routine closed
Jun 26 15:05:17 H8 netclient[2619]: [netclient] 2024-06-26 15:05:17 closed endpoint detection
Jun 26 15:05:17 H8 netclient[2619]: [netclient] 2024-06-26 15:05:17 closed endpoint detection
Jun 26 15:05:18 H8 netclient[2619]: completed pull for server dentest.clustercat.com
Jun 26 15:05:18 H8 netclient[2619]: [netclient] 2024-06-26 15:05:18 adding addresses to netmaker interface
Jun 26 15:05:18 H8 netclient[2619]: [netclient] 2024-06-26 15:05:18 initialized endpoint detection on port 51821
Jun 26 15:05:18 H8 netclient[2619]: [netclient] 2024-06-26 15:05:18 initialized endpoint detection on port 51821
Jun 26 15:05:20 H8 netclient[2619]: {"time":"2024-06-26T15:05:20.12589851Z","level":"ERROR","source":"mqhandlers.go 151}","msg":"error updating client to server's version","error":"specified version of netclient doesn't exist https://github.com/gravitl/netclient/releases/download/v0.24.3/netclient-linux-amd64"}
Jun 26 15:07:38 H8 netclient[2619]: {"time":"2024-06-26T15:07:38.912782167Z","level":"ERROR","source":"mqhandlers.go 151}","msg":"error updating client to server's version","error":"specified version of netclient doesn't exist https://github.com/gravitl/netclient/releases/download/v0.24.3/netclient-linux-amd64"}
Jun 26 15:07:59 H8 netclient[2619]: {"time":"2024-06-26T15:07:59.189478044Z","level":"ERROR","source":"mqhandlers.go 151}","msg":"error updating client to server's version","error":"specified version of netclient doesn't exist https://github.com/gravitl/netclient/releases/download/v0.24.3/netclient-linux-amd64"}
Jun 26 15:07:59 H8 netclient[2619]: {"time":"2024-06-26T15:07:59.489089008Z","level":"ERROR","source":"mqhandlers.go 151}","msg":"error updating client to server's version","error":"specified version of netclient doesn't exist https://github.com/gravitl/netclient/releases/download/v0.24.3/netclient-linux-amd64"}
Jun 26 15:07:59 H8 netclient[2619]: {"time":"2024-06-26T15:07:59.859856751Z","level":"ERROR","source":"mqhandlers.go 151}","msg":"error updating client to server's version","error":"specified version of netclient doesn't exist https://github.com/gravitl/netclient/releases/download/v0.24.3/netclient-linux-amd64"}
Jun 26 15:07:59 H8 netclient[2619]: {"time":"2024-06-26T15:07:59.926724898Z","level":"ERROR","source":"mqhandlers.go 151}","msg":"error updating client to server's version","error":"specified version of netclient doesn't exist https://github.com/gravitl/netclient/releases/download/v0.24.3/netclient-linux-amd64"}
Jun 26 15:08:03 H8 netclient[2619]: {"time":"2024-06-26T15:08:03.335545916Z","level":"ERROR","source":"mqhandlers.go 151}","msg":"error updating client to server's version","error":"specified version of netclient doesn't exist https://github.com/gravitl/netclient/releases/download/v0.24.3/netclient-linux-amd64"}
Jun 26 15:08:03 H8 netclient[2619]: {"time":"2024-06-26T15:08:03.6075098Z","level":"ERROR","source":"mqhandlers.go 151}","msg":"error updating client to server's version","error":"specified version of netclient doesn't exist https://github.com/gravitl/netclient/releases/download/v0.24.3/netclient-linux-amd64"}
Jun 26 15:08:06 H8 netclient[2619]: {"time":"2024-06-26T15:08:06.873621147Z","level":"ERROR","source":"mqhandlers.go 151}","msg":"error updating client to server's version","error":"specified version of netclient doesn't exist https://github.com/gravitl/netclient/releases/download/v0.24.3/netclient-linux-amd64"}
Jun 26 15:08:07 H8 netclient[2619]: {"time":"2024-06-26T15:08:07.283012009Z","level":"ERROR","source":"mqhandlers.go 151}","msg":"error updating client to server's version","error":"specified version of netclient doesn't exist https://github.com/gravitl/netclient/releases/download/v0.24.3/netclient-linux-amd64"}
Jun 26 15:08:46 H8 netclient[2619]: {"time":"2024-06-26T15:08:46.179190894Z","level":"ERROR","source":"mqhandlers.go 151}","msg":"error updating client to server's version","error":"specified version of netclient doesn't exist https://github.com/gravitl/netclient/releases/download/v0.24.3/netclient-linux-amd64"}
Jun 26 15:08:46 H8 netclient[2619]: {"time":"2024-06-26T15:08:46.380672129Z","level":"ERROR","source":"mqhandlers.go 151}","msg":"error updating client to server's version","error":"specified version of netclient doesn't exist https://github.com/gravitl/netclient/releases/download/v0.24.3/netclient-linux-amd64"}
Jun 26 15:08:46 H8 netclient[2619]: {"time":"2024-06-26T15:08:46.430633439Z","level":"ERROR","source":"mqhandlers.go 151}","msg":"error updating client to server's version","error":"specified version of netclient doesn't exist https://github.com/gravitl/netclient/releases/download/v0.24.3/netclient-linux-amd64"}
Jun 26 15:08:46 H8 netclient[2619]: {"time":"2024-06-26T15:08:46.671599689Z","level":"ERROR","source":"mqhandlers.go 151}","msg":"error updating client to server's version","error":"specified version of netclient doesn't exist https://github.com/gravitl/netclient/releases/download/v0.24.3/netclient-linux-amd64"}
Jun 26 15:08:59 H8 netclient[2619]: {"time":"2024-06-26T15:08:59.042005091Z","level":"ERROR","source":"mqhandlers.go 151}","msg":"error updating client to server's version","error":"specified version of netclient doesn't exist https://github.com/gravitl/netclient/releases/download/v0.24.3/netclient-linux-amd64"}
Jun 26 15:10:38 H8 netclient[2619]: {"time":"2024-06-26T15:10:38.5109255Z","level":"ERROR","source":"mqhandlers.go 151}","msg":"error updating client to server's version","error":"specified version of netclient doesn't exist https://github.com/gravitl/netclient/releases/download/v0.24.3/netclient-linux-amd64"}
Jun 26 15:11:15 H8 netclient[2619]: {"time":"2024-06-26T15:11:15.928356707Z","level":"ERROR","source":"mqhandlers.go 151}","msg":"error updating client to server's version","error":"specified version of netclient doesn't exist https://github.com/gravitl/netclient/releases/download/v0.24.3/netclient-linux-amd64"}
Jun 26 15:12:38 H8 netclient[2619]: {"time":"2024-06-26T15:12:38.915147726Z","level":"ERROR","source":"mqhandlers.go 151}","msg":"error updating client to server's version","error":"specified version of netclient doesn't exist https://github.com/gravitl/netclient/releases/download/v0.24.3/netclient-linux-amd64"}
Jun 26 15:12:59 H8 netclient[2619]: {"time":"2024-06-26T15:12:59.175983958Z","level":"ERROR","source":"mqhandlers.go 151}","msg":"error updating client to server's version","error":"specified version of netclient doesn't exist https://github.com/gravitl/netclient/releases/download/v0.24.3/netclient-linux-amd64"}
Jun 26 15:13:42 H8 netclient[2619]: {"time":"2024-06-26T15:13:42.331430557Z","level":"ERROR","source":"mqhandlers.go 151}","msg":"error updating client to server's version","error":"specified version of netclient doesn't exist https://github.com/gravitl/netclient/releases/download/v0.24.3/netclient-linux-amd64"}
Jun 26 15:13:42 H8 netclient[2619]: {"time":"2024-06-26T15:13:42.557685247Z","level":"ERROR","source":"mqhandlers.go 151}","msg":"error updating client to server's version","error":"specified version of netclient doesn't exist https://github.com/gravitl/netclient/releases/download/v0.24.3/netclient-linux-amd64"}
Jun 26 15:16:13 H8 netclient[2619]: {"time":"2024-06-26T15:16:13.04333934Z","level":"ERROR","source":"mqhandlers.go 151}","msg":"error updating client to server's version","error":"specified version of netclient doesn't exist https://github.com/gravitl/netclient/releases/download/v0.24.3/netclient-linux-amd64"}
Jun 26 15:16:26 H8 netclient[2619]: {"time":"2024-06-26T15:16:26.207456Z","level":"ERROR","source":"mqhandlers.go 151}","msg":"error updating client to server's version","error":"specified version of netclient doesn't exist https://github.com/gravitl/netclient/releases/download/v0.24.3/netclient-linux-amd64"}
Jun 26 15:16:26 H8 netclient[2619]: {"time":"2024-06-26T15:16:26.733344018Z","level":"ERROR","source":"mqhandlers.go 151}","msg":"error updating client to server's version","error":"specified version of netclient doesn't exist https://github.com/gravitl/netclient/releases/download/v0.24.3/netclient-linux-amd64"}
Jun 26 15:17:39 H8 netclient[2619]: {"time":"2024-06-26T15:17:39.012994418Z","level":"ERROR","source":"mqhandlers.go 151}","msg":"error updating client to server's version","error":"specified version of netclient doesn't exist https://github.com/gravitl/netclient/releases/download/v0.24.3/netclient-linux-amd64"}
Jun 26 15:22:08 H8 netclient[2619]: {"time":"2024-06-26T15:22:08.730413797Z","level":"ERROR","source":"mqhandlers.go 151}","msg":"error updating client to server's version","error":"specified version of netclient doesn't exist https://github.com/gravitl/netclient/releases/download/v0.24.3/netclient-linux-amd64"}
Jun 26 15:22:08 H8 netclient[2619]: {"time":"2024-06-26T15:22:08.836411717Z","level":"ERROR","source":"mqhandlers.go 151}","msg":"error updating client to server's version","error":"specified version of netclient doesn't exist https://github.com/gravitl/netclient/releases/download/v0.24.3/netclient-linux-amd64"}
Jun 26 15:22:38 H8 netclient[2619]: {"time":"2024-06-26T15:22:38.672955089Z","level":"ERROR","source":"mqhandlers.go 151}","msg":"error updating client to server's version","error":"specified version of netclient doesn't exist https://github.com/gravitl/netclient/releases/download/v0.24.3/netclient-linux-amd64"}
Jun 26 15:27:39 H8 netclient[2619]: {"time":"2024-06-26T15:27:39.212709279Z","level":"ERROR","source":"mqhandlers.go 151}","msg":"error updating client to server's version","error":"specified version of netclient doesn't exist https://github.com/gravitl/netclient/releases/download/v0.24.3/netclient-linux-amd64"}
Jun 26 15:32:39 H8 netclient[2619]: {"time":"2024-06-26T15:32:39.161874918Z","level":"ERROR","source":"mqhandlers.go 151}","msg":"error updating client to server's version","error":"specified version of netclient doesn't exist https://github.com/gravitl/netclient/releases/download/v0.24.3/netclient-linux-amd64"}
Jun 26 15:33:43 H8 netclient[2619]: [netclient] 2024-06-26 15:33:43 checkin routine closed
Jun 26 15:33:43 H8 netclient[2619]: [netclient] 2024-06-26 15:33:43 closed endpoint detection
Jun 26 15:33:43 H8 netclient[2619]: [netclient] 2024-06-26 15:33:43 closed endpoint detection
Jun 26 15:33:44 H8 netclient[2619]: {"time":"2024-06-26T15:33:44.951032187Z","level":"ERROR","source":"daemon.go 219}","msg":"fail to pull config from server","error":"Post \"https://api.dentest.clustercat.com:443/api/hosts/adm/authenticate\": dial tcp [2604:a880:400:d0::17bf:2001]:443: connect: connection refused"}
Jun 26 15:33:44 H8 netclient[2619]: [netclient] 2024-06-26 15:33:44 adding addresses to netmaker interface
Jun 26 15:33:44 H8 netclient[2619]: [netclient] 2024-06-26 15:33:44 initialized endpoint detection on port 51821
Jun 26 15:33:44 H8 netclient[2619]: [netclient] 2024-06-26 15:33:44 initialized endpoint detection on port 51821
Jun 26 15:34:14 H8 netclient[2619]: [netclient] 2024-06-26 15:34:14 unable to connect to broker, retrying ...
Jun 26 15:34:14 H8 netclient[2619]: [netclient] 2024-06-26 15:34:14 unable to connect to broker, retrying ...
Jun 26 15:34:14 H8 netclient[2619]: [netclient] 2024-06-26 15:34:14 unable to connect to broker, retrying ...
Jun 26 15:34:14 H8 netclient[2619]: {"time":"2024-06-26T15:34:14.9688535Z","level":"ERROR","source":"daemon.go 348}","msg":"unable to connect to broker","server":"wss://broker.dentest.clustercat.com","error":"status can only transition to connecting from disconnected"}
Jun 26 15:34:14 H8 netclient[2619]: {"time":"2024-06-26T15:34:14.96905889Z","level":"ERROR","source":"daemon.go 285}","msg":"unable to connect to broker","server":"wss://broker.dentest.clustercat.com","error":"status can only transition to connecting from disconnected"}
Jun 26 15:34:15 H8 netclient[2619]: {"time":"2024-06-26T15:34:15.465817588Z","level":"ERROR","source":"fail_over.go 108}","msg":"failed to get peer Info","error":"Post \"https://api.dentest.clustercat.com:443/api/hosts/adm/authenticate\": dial tcp [2604:a880:400:d0::17bf:2001]:443: connect: connection refused"}
Jun 26 15:34:15 H8 netclient[2619]: {"time":"2024-06-26T15:34:15.929576309Z","level":"ERROR","source":"mqhandlers.go 522}","msg":"pull failed","error":"Post \"https://api.dentest.clustercat.com:443/api/hosts/adm/authenticate\": dial tcp [2604:a880:400:d0::17bf:2001]:443: connect: connection refused"}
Jun 26 15:34:23 H8 netclient[2619]: {"time":"2024-06-26T15:34:23.065847336Z","level":"ERROR","source":"mqhandlers.go 151}","msg":"error updating client to server's version","error":"specified version of netclient doesn't exist https://github.com/gravitl/netclient/releases/download/v0.24.3/netclient-linux-amd64"}
Jun 26 15:35:01 H8 netclient[2619]: [netclient] 2024-06-26 15:35:01 checkin routine closed
Jun 26 15:35:01 H8 netclient[2619]: [netclient] 2024-06-26 15:35:01 closed endpoint detection
Jun 26 15:35:01 H8 netclient[2619]: [netclient] 2024-06-26 15:35:01 closed endpoint detection
Jun 26 15:35:02 H8 netclient[2619]: {"time":"2024-06-26T15:35:02.334436558Z","level":"ERROR","source":"daemon.go 219}","msg":"fail to pull config from server","error":"Post \"https://api.dentest.clustercat.com:443/api/hosts/adm/authenticate\": dial tcp [2604:a880:400:d0::17bf:2001]:443: connect: connection refused"}
Jun 26 15:35:02 H8 netclient[2619]: [netclient] 2024-06-26 15:35:02 adding addresses to netmaker interface
Jun 26 15:35:02 H8 netclient[2619]: [netclient] 2024-06-26 15:35:02 initialized endpoint detection on port 51821
Jun 26 15:35:02 H8 netclient[2619]: [netclient] 2024-06-26 15:35:02 initialized endpoint detection on port 51821
Jun 26 15:35:32 H8 netclient[2619]: [netclient] 2024-06-26 15:35:32 unable to connect to broker, retrying ...
Jun 26 15:35:32 H8 netclient[2619]: [netclient] 2024-06-26 15:35:32 unable to connect to broker, retrying ...
Jun 26 15:35:32 H8 netclient[2619]: [netclient] 2024-06-26 15:35:32 unable to connect to broker, retrying ...
Jun 26 15:35:32 H8 netclient[2619]: {"time":"2024-06-26T15:35:32.353040487Z","level":"ERROR","source":"daemon.go 348}","msg":"unable to connect to broker","server":"wss://broker.dentest.clustercat.com","error":"status can only transition to connecting from disconnected"}
Jun 26 15:35:32 H8 netclient[2619]: {"time":"2024-06-26T15:35:32.353096231Z","level":"ERROR","source":"daemon.go 285}","msg":"unable to connect to broker","server":"wss://broker.dentest.clustercat.com","error":"status can only transition to connecting from disconnected"}
Jun 26 15:35:48 H8 systemd[1]: Stopping netclient.service - Netclient Daemon...
Jun 26 15:35:48 H8 netclient[2619]: [netclient] 2024-06-26 15:35:48 closed endpoint detection
Jun 26 15:35:48 H8 netclient[2619]: [netclient] 2024-06-26 15:35:48 closed endpoint detection
Jun 26 15:35:48 H8 netclient[2619]: [netclient] 2024-06-26 15:35:48 checkin routine closed
Jun 26 15:36:02 H8 netclient[2619]: {"time":"2024-06-26T15:36:02.356829977Z","level":"ERROR","source":"fail_over.go 108}","msg":"failed to get peer Info","error":"Post \"https://api.dentest.clustercat.com:443/api/hosts/adm/authenticate\": context deadline exceeded (Client.Timeout exceeded while awaiting headers)"}
Jun 26 15:36:32 H8 netclient[2619]: {"time":"2024-06-26T15:36:32.354624165Z","level":"ERROR","source":"mqhandlers.go 522}","msg":"pull failed","error":"Post \"https://api.dentest.clustercat.com:443/api/hosts/adm/authenticate\": context deadline exceeded (Client.Timeout exceeded while awaiting headers)"}
Jun 26 15:37:18 H8 systemd[1]: netclient.service: State 'stop-sigterm' timed out. Killing.
Jun 26 15:37:18 H8 systemd[1]: netclient.service: Killing process 2619 (netclient) with signal SIGKILL.
Jun 26 15:37:18 H8 systemd[1]: netclient.service: Failed to kill control group /system.slice/netclient.service, ignoring: Invalid argument
Jun 26 15:37:18 H8 systemd[1]: netclient.service: Main process exited, code=killed, status=9/KILL
Jun 26 15:37:18 H8 systemd[1]: netclient.service: Failed with result 'timeout'.
Jun 26 15:37:18 H8 systemd[1]: Stopped netclient.service - Netclient Daemon.
Jun 26 15:37:18 H8 systemd[1]: netclient.service: Consumed 17.405s CPU time.
-- Boot 66632474d36045929b999ef83008b512 --
Jun 27 04:16:21 H8 systemd[1]: Starting netclient.service - Netclient Daemon...
Jun 27 04:16:39 H8 systemd[1]: Started netclient.service - Netclient Daemon.
Jun 27 04:16:39 H8 netclient[982]: daemon called
Jun 27 04:16:39 H8 netclient[982]: [netclient] 2024-06-27 04:16:39 Starting firewall...
Jun 27 04:16:39 H8 netclient[982]: [netclient] 2024-06-27 04:16:39 iptables is supported
Jun 27 04:16:39 H8 netclient[982]: [netclient] 2024-06-27 04:16:39 adding forwarding rule
Jun 27 04:16:41 H8 netclient[982]: completed pull for server dentest.clustercat.com
Jun 27 04:16:41 H8 netclient[982]: [netclient] 2024-06-27 04:16:41 adding addresses to netmaker interface
Jun 27 04:16:41 H8 netclient[982]: [netclient] 2024-06-27 04:16:41 initialized endpoint detection on port 51821
Jun 27 04:16:41 H8 netclient[982]: [netclient] 2024-06-27 04:16:41 initialized endpoint detection on port 51821
Jun 27 04:16:43 H8 netclient[982]: {"time":"2024-06-27T04:16:43.801080563Z","level":"ERROR","source":"mqhandlers.go 151}","msg":"error updating client to server's version","error":"specified version of netclient doesn't exist https://github.com/gravitl/netclient/releases/download/v0.24.3/netclient-linux-amd64"}
Jun 27 04:21:31 H8 netclient[982]: {"time":"2024-06-27T04:21:31.187939377Z","level":"ERROR","source":"mqhandlers.go 151}","msg":"error updating client to server's version","error":"specified version of netclient doesn't exist https://github.com/gravitl/netclient/releases/download/v0.24.3/netclient-linux-amd64"}
Jun 27 04:21:45 H8 netclient[982]: {"time":"2024-06-27T04:21:45.499920919Z","level":"ERROR","source":"mqhandlers.go 151}","msg":"error updating client to server's version","error":"specified version of netclient doesn't exist https://github.com/gravitl/netclient/releases/download/v0.24.3/netclient-linux-amd64"}
Jun 27 04:21:45 H8 netclient[982]: {"time":"2024-06-27T04:21:45.840542163Z","level":"ERROR","source":"mqhandlers.go 151}","msg":"error updating client to server's version","error":"specified version of netclient doesn't exist https://github.com/gravitl/netclient/releases/download/v0.24.3/netclient-linux-amd64"}
Jun 27 04:22:24 H8 netclient[982]: {"time":"2024-06-27T04:22:24.722930173Z","level":"ERROR","source":"mqhandlers.go 151}","msg":"error updating client to server's version","error":"specified version of netclient doesn't exist https://github.com/gravitl/netclient/releases/download/v0.24.3/netclient-linux-amd64"}
Jun 27 04:22:24 H8 netclient[982]: {"time":"2024-06-27T04:22:24.91080475Z","level":"ERROR","source":"mqhandlers.go 151}","msg":"error updating client to server's version","error":"specified version of netclient doesn't exist https://github.com/gravitl/netclient/releases/download/v0.24.3/netclient-linux-amd64"}
Jun 27 04:22:24 H8 netclient[982]: {"time":"2024-06-27T04:22:24.984716241Z","level":"ERROR","source":"mqhandlers.go 151}","msg":"error updating client to server's version","error":"specified version of netclient doesn't exist https://github.com/gravitl/netclient/releases/download/v0.24.3/netclient-linux-amd64"}
Jun 27 04:22:25 H8 netclient[982]: {"time":"2024-06-27T04:22:25.24195808Z","level":"ERROR","source":"mqhandlers.go 151}","msg":"error updating client to server's version","error":"specified version of netclient doesn't exist https://github.com/gravitl/netclient/releases/download/v0.24.3/netclient-linux-amd64"}
Jun 27 04:22:29 H8 netclient[982]: {"time":"2024-06-27T04:22:29.408634451Z","level":"ERROR","source":"mqhandlers.go 151}","msg":"error updating client to server's version","error":"specified version of netclient doesn't exist https://github.com/gravitl/netclient/releases/download/v0.24.3/netclient-linux-amd64"}
Jun 27 04:22:29 H8 netclient[982]: {"time":"2024-06-27T04:22:29.66057641Z","level":"ERROR","source":"mqhandlers.go 151}","msg":"error updating client to server's version","error":"specified version of netclient doesn't exist https://github.com/gravitl/netclient/releases/download/v0.24.3/netclient-linux-amd64"}
Jun 27 04:22:33 H8 netclient[982]: {"time":"2024-06-27T04:22:33.172834914Z","level":"ERROR","source":"mqhandlers.go 151}","msg":"error updating client to server's version","error":"specified version of netclient doesn't exist https://github.com/gravitl/netclient/releases/download/v0.24.3/netclient-linux-amd64"}
Jun 27 04:22:34 H8 netclient[982]: {"time":"2024-06-27T04:22:34.532822377Z","level":"ERROR","source":"mqhandlers.go 151}","msg":"error updating client to server's version","error":"specified version of netclient doesn't exist https://github.com/gravitl/netclient/releases/download/v0.24.3/netclient-linux-amd64"}
Jun 27 04:22:34 H8 netclient[982]: {"time":"2024-06-27T04:22:34.618076898Z","level":"ERROR","source":"mqhandlers.go 151}","msg":"error updating client to server's version","error":"specified version of netclient doesn't exist https://github.com/gravitl/netclient/releases/download/v0.24.3/netclient-linux-amd64"}
Jun 27 04:22:34 H8 netclient[982]: {"time":"2024-06-27T04:22:34.784518313Z","level":"ERROR","source":"mqhandlers.go 151}","msg":"error updating client to server's version","error":"specified version of netclient doesn't exist https://github.com/gravitl/netclient/releases/download/v0.24.3/netclient-linux-amd64"}
Jun 27 04:26:31 H8 netclient[982]: {"time":"2024-06-27T04:26:31.238435747Z","level":"ERROR","source":"mqhandlers.go 151}","msg":"error updating client to server's version","error":"specified version of netclient doesn't exist https://github.com/gravitl/netclient/releases/download/v0.24.3/netclient-linux-amd64"}
Jun 27 04:31:31 H8 netclient[982]: {"time":"2024-06-27T04:31:31.26309553Z","level":"ERROR","source":"mqhandlers.go 151}","msg":"error updating client to server's version","error":"specified version of netclient doesn't exist https://github.com/gravitl/netclient/releases/download/v0.24.3/netclient-linux-amd64"}
Jun 27 04:36:31 H8 netclient[982]: {"time":"2024-06-27T04:36:31.319023204Z","level":"ERROR","source":"mqhandlers.go 151}","msg":"error updating client to server's version","error":"specified version of netclient doesn't exist https://github.com/gravitl/netclient/releases/download/v0.24.3/netclient-linux-amd64"}
Jun 27 04:41:31 H8 netclient[982]: {"time":"2024-06-27T04:41:31.380453803Z","level":"ERROR","source":"mqhandlers.go 151}","msg":"error updating client to server's version","error":"specified version of netclient doesn't exist https://github.com/gravitl/netclient/releases/download/v0.24.3/netclient-linux-amd64"}
Jun 27 04:46:31 H8 netclient[982]: {"time":"2024-06-27T04:46:31.449544232Z","level":"ERROR","source":"mqhandlers.go 151}","msg":"error updating client to server's version","error":"specified version of netclient doesn't exist https://github.com/gravitl/netclient/releases/download/v0.24.3/netclient-linux-amd64"}
Jun 27 04:51:31 H8 netclient[982]: {"time":"2024-06-27T04:51:31.470722638Z","level":"ERROR","source":"mqhandlers.go 151}","msg":"error updating client to server's version","error":"specified version of netclient doesn't exist https://github.com/gravitl/netclient/releases/download/v0.24.3/netclient-linux-amd64"}
Jun 27 04:56:31 H8 netclient[982]: {"time":"2024-06-27T04:56:31.536093626Z","level":"ERROR","source":"mqhandlers.go 151}","msg":"error updating client to server's version","error":"specified version of netclient doesn't exist https://github.com/gravitl/netclient/releases/download/v0.24.3/netclient-linux-amd64"}
Jun 27 05:01:31 H8 netclient[982]: {"time":"2024-06-27T05:01:31.665576194Z","level":"ERROR","source":"mqhandlers.go 151}","msg":"error updating client to server's version","error":"specified version of netclient doesn't exist https://github.com/gravitl/netclient/releases/download/v0.24.3/netclient-linux-amd64"}
Jun 27 05:06:31 H8 netclient[982]: {"time":"2024-06-27T05:06:31.790456125Z","level":"ERROR","source":"mqhandlers.go 151}","msg":"error updating client to server's version","error":"specified version of netclient doesn't exist https://github.com/gravitl/netclient/releases/download/v0.24.3/netclient-linux-amd64"}
Jun 27 05:11:31 H8 netclient[982]: {"time":"2024-06-27T05:11:31.720984541Z","level":"ERROR","source":"mqhandlers.go 151}","msg":"error updating client to server's version","error":"specified version of netclient doesn't exist https://github.com/gravitl/netclient/releases/download/v0.24.3/netclient-linux-amd64"}
Jun 27 05:16:31 H8 netclient[982]: {"time":"2024-06-27T05:16:31.809579657Z","level":"ERROR","source":"mqhandlers.go 151}","msg":"error updating client to server's version","error":"specified version of netclient doesn't exist https://github.com/gravitl/netclient/releases/download/v0.24.3/netclient-linux-amd64"}
Jun 27 05:21:31 H8 netclient[982]: {"time":"2024-06-27T05:21:31.838209768Z","level":"ERROR","source":"mqhandlers.go 151}","msg":"error updating client to server's version","error":"specified version of netclient doesn't exist https://github.com/gravitl/netclient/releases/download/v0.24.3/netclient-linux-amd64"}
Jun 27 05:26:31 H8 netclient[982]: {"time":"2024-06-27T05:26:31.881032959Z","level":"ERROR","source":"mqhandlers.go 151}","msg":"error updating client to server's version","error":"specified version of netclient doesn't exist https://github.com/gravitl/netclient/releases/download/v0.24.3/netclient-linux-amd64"}
Jun 27 05:31:31 H8 netclient[982]: {"time":"2024-06-27T05:31:31.913506574Z","level":"ERROR","source":"mqhandlers.go 151}","msg":"error updating client to server's version","error":"specified version of netclient doesn't exist https://github.com/gravitl/netclient/releases/download/v0.24.3/netclient-linux-amd64"}
Jun 27 05:36:31 H8 netclient[982]: {"time":"2024-06-27T05:36:31.990814569Z","level":"ERROR","source":"mqhandlers.go 151}","msg":"error updating client to server's version","error":"specified version of netclient doesn't exist https://github.com/gravitl/netclient/releases/download/v0.24.3/netclient-linux-amd64"}
Jun 27 05:41:32 H8 netclient[982]: {"time":"2024-06-27T05:41:32.066217645Z","level":"ERROR","source":"mqhandlers.go 151}","msg":"error updating client to server's version","error":"specified version of netclient doesn't exist https://github.com/gravitl/netclient/releases/download/v0.24.3/netclient-linux-amd64"}
Jun 27 05:46:32 H8 netclient[982]: {"time":"2024-06-27T05:46:32.10834517Z","level":"ERROR","source":"mqhandlers.go 151}","msg":"error updating client to server's version","error":"specified version of netclient doesn't exist https://github.com/gravitl/netclient/releases/download/v0.24.3/netclient-linux-amd64"}
Jun 27 05:51:32 H8 netclient[982]: {"time":"2024-06-27T05:51:32.413205611Z","level":"ERROR","source":"mqhandlers.go 151}","msg":"error updating client to server's version","error":"specified version of netclient doesn't exist https://github.com/gravitl/netclient/releases/download/v0.24.3/netclient-linux-amd64"}
Jun 27 05:56:32 H8 netclient[982]: {"time":"2024-06-27T05:56:32.243059091Z","level":"ERROR","source":"mqhandlers.go 151}","msg":"error updating client to server's version","error":"specified version of netclient doesn't exist https://github.com/gravitl/netclient/releases/download/v0.24.3/netclient-linux-amd64"}
Jun 27 06:01:32 H8 netclient[982]: {"time":"2024-06-27T06:01:32.353565115Z","level":"ERROR","source":"mqhandlers.go 151}","msg":"error updating client to server's version","error":"specified version of netclient doesn't exist https://github.com/gravitl/netclient/releases/download/v0.24.3/netclient-linux-amd64"}
Jun 27 06:06:32 H8 netclient[982]: {"time":"2024-06-27T06:06:32.414969798Z","level":"ERROR","source":"mqhandlers.go 151}","msg":"error updating client to server's version","error":"specified version of netclient doesn't exist https://github.com/gravitl/netclient/releases/download/v0.24.3/netclient-linux-amd64"}
Jun 27 06:11:32 H8 netclient[982]: {"time":"2024-06-27T06:11:32.470369794Z","level":"ERROR","source":"mqhandlers.go 151}","msg":"error updating client to server's version","error":"specified version of netclient doesn't exist https://github.com/gravitl/netclient/releases/download/v0.24.3/netclient-linux-amd64"}
Jun 27 06:16:32 H8 netclient[982]: {"time":"2024-06-27T06:16:32.486085277Z","level":"ERROR","source":"mqhandlers.go 151}","msg":"error updating client to server's version","error":"specified version of netclient doesn't exist https://github.com/gravitl/netclient/releases/download/v0.24.3/netclient-linux-amd64"}
Jun 27 06:17:15 H8 netclient[982]: {"time":"2024-06-27T06:17:15.130928591Z","level":"ERROR","source":"mqhandlers.go 151}","msg":"error updating client to server's version","error":"specified version of netclient doesn't exist https://github.com/gravitl/netclient/releases/download/v0.24.3/netclient-linux-amd64"}
Jun 27 06:21:32 H8 netclient[982]: {"time":"2024-06-27T06:21:32.56968753Z","level":"ERROR","source":"mqhandlers.go 151}","msg":"error updating client to server's version","error":"specified version of netclient doesn't exist https://github.com/gravitl/netclient/releases/download/v0.24.3/netclient-linux-amd64"}
Jun 27 06:22:35 H8 netclient[982]: {"time":"2024-06-27T06:22:35.771685863Z","level":"ERROR","source":"mqhandlers.go 151}","msg":"error updating client to server's version","error":"specified version of netclient doesn't exist https://github.com/gravitl/netclient/releases/download/v0.24.3/netclient-linux-amd64"}
Jun 27 06:22:45 H8 netclient[982]: {"time":"2024-06-27T06:22:45.639829502Z","level":"ERROR","source":"mqhandlers.go 151}","msg":"error updating client to server's version","error":"specified version of netclient doesn't exist https://github.com/gravitl/netclient/releases/download/v0.24.3/netclient-linux-amd64"}
Jun 27 06:23:03 H8 netclient[982]: {"time":"2024-06-27T06:23:03.716382098Z","level":"ERROR","source":"mqhandlers.go 151}","msg":"error updating client to server's version","error":"specified version of netclient doesn't exist https://github.com/gravitl/netclient/releases/download/v0.24.3/netclient-linux-amd64"}
Jun 27 06:23:03 H8 netclient[982]: {"time":"2024-06-27T06:23:03.988819897Z","level":"ERROR","source":"mqhandlers.go 151}","msg":"error updating client to server's version","error":"specified version of netclient doesn't exist https://github.com/gravitl/netclient/releases/download/v0.24.3/netclient-linux-amd64"}
Jun 27 06:23:17 H8 netclient[982]: {"time":"2024-06-27T06:23:17.700448218Z","level":"ERROR","source":"mqhandlers.go 151}","msg":"error updating client to server's version","error":"specified version of netclient doesn't exist https://github.com/gravitl/netclient/releases/download/v0.24.3/netclient-linux-amd64"}
Jun 27 06:23:17 H8 netclient[982]: {"time":"2024-06-27T06:23:17.961788858Z","level":"ERROR","source":"mqhandlers.go 151}","msg":"error updating client to server's version","error":"specified version of netclient doesn't exist https://github.com/gravitl/netclient/releases/download/v0.24.3/netclient-linux-amd64"}
Jun 27 06:23:27 H8 netclient[982]: {"time":"2024-06-27T06:23:27.661047348Z","level":"ERROR","source":"mqhandlers.go 151}","msg":"error updating client to server's version","error":"specified version of netclient doesn't exist https://github.com/gravitl/netclient/releases/download/v0.24.3/netclient-linux-amd64"}
Jun 27 06:24:07 H8 netclient[982]: {"time":"2024-06-27T06:24:07.19740626Z","level":"ERROR","source":"mqhandlers.go 151}","msg":"error updating client to server's version","error":"specified version of netclient doesn't exist https://github.com/gravitl/netclient/releases/download/v0.24.3/netclient-linux-amd64"}
Jun 27 06:24:07 H8 netclient[982]: {"time":"2024-06-27T06:24:07.290690032Z","level":"ERROR","source":"mqhandlers.go 151}","msg":"error updating client to server's version","error":"specified version of netclient doesn't exist https://github.com/gravitl/netclient/releases/download/v0.24.3/netclient-linux-amd64"}
Jun 27 06:24:10 H8 netclient[982]: {"time":"2024-06-27T06:24:10.46796889Z","level":"ERROR","source":"mqhandlers.go 151}","msg":"error updating client to server's version","error":"specified version of netclient doesn't exist https://github.com/gravitl/netclient/releases/download/v0.24.3/netclient-linux-amd64"}
Jun 27 06:24:11 H8 netclient[982]: {"time":"2024-06-27T06:24:11.129141564Z","level":"ERROR","source":"mqhandlers.go 151}","msg":"error updating client to server's version","error":"specified version of netclient doesn't exist https://github.com/gravitl/netclient/releases/download/v0.24.3/netclient-linux-amd64"}
Jun 27 06:26:12 H8 netclient[982]: {"time":"2024-06-27T06:26:12.136370339Z","level":"ERROR","source":"mqhandlers.go 151}","msg":"error updating client to server's version","error":"specified version of netclient doesn't exist https://github.com/gravitl/netclient/releases/download/v0.24.3/netclient-linux-amd64"}
Jun 27 06:26:32 H8 netclient[982]: {"time":"2024-06-27T06:26:32.324281594Z","level":"ERROR","source":"mqhandlers.go 151}","msg":"error updating client to server's version","error":"specified version of netclient doesn't exist https://github.com/gravitl/netclient/releases/download/v0.24.3/netclient-linux-amd64"}
Jun 27 06:29:45 H8 netclient[982]: {"time":"2024-06-27T06:29:45.88270628Z","level":"ERROR","source":"mqhandlers.go 151}","msg":"error updating client to server's version","error":"specified version of netclient doesn't exist https://github.com/gravitl/netclient/releases/download/v0.24.3/netclient-linux-amd64"}
Jun 27 06:31:32 H8 netclient[982]: {"time":"2024-06-27T06:31:32.665626676Z","level":"ERROR","source":"mqhandlers.go 151}","msg":"error updating client to server's version","error":"specified version of netclient doesn't exist https://github.com/gravitl/netclient/releases/download/v0.24.3/netclient-linux-amd64"}
Jun 27 06:31:47 H8 netclient[982]: {"time":"2024-06-27T06:31:47.57240712Z","level":"ERROR","source":"mqhandlers.go 151}","msg":"error updating client to server's version","error":"specified version of netclient doesn't exist https://github.com/gravitl/netclient/releases/download/v0.24.3/netclient-linux-amd64"}
Jun 27 06:33:22 H8 netclient[982]: {"time":"2024-06-27T06:33:22.424814328Z","level":"ERROR","source":"mqhandlers.go 151}","msg":"error updating client to server's version","error":"specified version of netclient doesn't exist https://github.com/gravitl/netclient/releases/download/v0.24.3/netclient-linux-amd64"}
Jun 27 06:34:05 H8 netclient[982]: {"time":"2024-06-27T06:34:05.408429081Z","level":"ERROR","source":"mqhandlers.go 151}","msg":"error updating client to server's version","error":"specified version of netclient doesn't exist https://github.com/gravitl/netclient/releases/download/v0.24.3/netclient-linux-amd64"}
Jun 27 06:34:05 H8 netclient[982]: {"time":"2024-06-27T06:34:05.612941474Z","level":"ERROR","source":"mqhandlers.go 151}","msg":"error updating client to server's version","error":"specified version of netclient doesn't exist https://github.com/gravitl/netclient/releases/download/v0.24.3/netclient-linux-amd64"}
Jun 27 06:36:32 H8 netclient[982]: {"time":"2024-06-27T06:36:32.724201389Z","level":"ERROR","source":"mqhandlers.go 151}","msg":"error updating client to server's version","error":"specified version of netclient doesn't exist https://github.com/gravitl/netclient/releases/download/v0.24.3/netclient-linux-amd64"}
Jun 27 06:38:01 H8 netclient[982]: {"time":"2024-06-27T06:38:01.101712938Z","level":"ERROR","source":"mqhandlers.go 151}","msg":"error updating client to server's version","error":"specified version of netclient doesn't exist https://github.com/gravitl/netclient/releases/download/v0.24.3/netclient-linux-amd64"}
Jun 27 06:38:48 H8 netclient[982]: {"time":"2024-06-27T06:38:48.486363761Z","level":"ERROR","source":"mqhandlers.go 151}","msg":"error updating client to server's version","error":"specified version of netclient doesn't exist https://github.com/gravitl/netclient/releases/download/v0.24.3/netclient-linux-amd64"}
Jun 27 06:38:48 H8 netclient[982]: {"time":"2024-06-27T06:38:48.579360094Z","level":"ERROR","source":"mqhandlers.go 151}","msg":"error updating client to server's version","error":"specified version of netclient doesn't exist https://github.com/gravitl/netclient/releases/download/v0.24.3/netclient-linux-amd64"}
Jun 27 06:38:48 H8 netclient[982]: {"time":"2024-06-27T06:38:48.700769271Z","level":"ERROR","source":"mqhandlers.go 151}","msg":"error updating client to server's version","error":"specified version of netclient doesn't exist https://github.com/gravitl/netclient/releases/download/v0.24.3/netclient-linux-amd64"}
Jun 27 06:38:48 H8 netclient[982]: {"time":"2024-06-27T06:38:48.730266213Z","level":"ERROR","source":"mqhandlers.go 151}","msg":"error updating client to server's version","error":"specified version of netclient doesn't exist https://github.com/gravitl/netclient/releases/download/v0.24.3/netclient-linux-amd64"}
Jun 27 06:40:07 H8 netclient[982]: {"time":"2024-06-27T06:40:07.35828343Z","level":"ERROR","source":"mqhandlers.go 151}","msg":"error updating client to server's version","error":"specified version of netclient doesn't exist https://github.com/gravitl/netclient/releases/download/v0.24.3/netclient-linux-amd64"}
Jun 27 06:40:16 H8 netclient[982]: {"time":"2024-06-27T06:40:16.706507137Z","level":"ERROR","source":"mqhandlers.go 151}","msg":"error updating client to server's version","error":"specified version of netclient doesn't exist https://github.com/gravitl/netclient/releases/download/v0.24.3/netclient-linux-amd64"}
Jun 27 06:40:45 H8 netclient[982]: {"time":"2024-06-27T06:40:45.272362094Z","level":"ERROR","source":"mqhandlers.go 151}","msg":"error updating client to server's version","error":"specified version of netclient doesn't exist https://github.com/gravitl/netclient/releases/download/v0.24.3/netclient-linux-amd64"}
Jun 27 06:40:45 H8 netclient[982]: {"time":"2024-06-27T06:40:45.532260836Z","level":"ERROR","source":"mqhandlers.go 151}","msg":"error updating client to server's version","error":"specified version of netclient doesn't exist https://github.com/gravitl/netclient/releases/download/v0.24.3/netclient-linux-amd64"}
Jun 27 06:40:52 H8 netclient[982]: {"time":"2024-06-27T06:40:52.952143359Z","level":"ERROR","source":"mqhandlers.go 151}","msg":"error updating client to server's version","error":"specified version of netclient doesn't exist https://github.com/gravitl/netclient/releases/download/v0.24.3/netclient-linux-amd64"}
Jun 27 06:41:00 H8 netclient[982]: {"time":"2024-06-27T06:41:00.75638662Z","level":"ERROR","source":"mqhandlers.go 151}","msg":"error updating client to server's version","error":"specified version of netclient doesn't exist https://github.com/gravitl/netclient/releases/download/v0.24.3/netclient-linux-amd64"}
Jun 27 06:41:32 H8 netclient[982]: {"time":"2024-06-27T06:41:32.74947593Z","level":"ERROR","source":"mqhandlers.go 151}","msg":"error updating client to server's version","error":"specified version of netclient doesn't exist https://github.com/gravitl/netclient/releases/download/v0.24.3/netclient-linux-amd64"}
Jun 27 06:41:48 H8 netclient[982]: {"time":"2024-06-27T06:41:48.072552097Z","level":"ERROR","source":"mqhandlers.go 151}","msg":"error updating client to server's version","error":"specified version of netclient doesn't exist https://github.com/gravitl/netclient/releases/download/v0.24.3/netclient-linux-amd64"}
Jun 27 06:41:48 H8 netclient[982]: {"time":"2024-06-27T06:41:48.330472918Z","level":"ERROR","source":"mqhandlers.go 151}","msg":"error updating client to server's version","error":"specified version of netclient doesn't exist https://github.com/gravitl/netclient/releases/download/v0.24.3/netclient-linux-amd64"}
Jun 27 06:41:48 H8 netclient[982]: {"time":"2024-06-27T06:41:48.359568315Z","level":"ERROR","source":"mqhandlers.go 151}","msg":"error updating client to server's version","error":"specified version of netclient doesn't exist https://github.com/gravitl/netclient/releases/download/v0.24.3/netclient-linux-amd64"}
Jun 27 06:41:48 H8 netclient[982]: {"time":"2024-06-27T06:41:48.431920089Z","level":"ERROR","source":"mqhandlers.go 151}","msg":"error updating client to server's version","error":"specified version of netclient doesn't exist https://github.com/gravitl/netclient/releases/download/v0.24.3/netclient-linux-amd64"}
Jun 27 06:43:45 H8 netclient[982]: {"time":"2024-06-27T06:43:45.210617353Z","level":"ERROR","source":"mqhandlers.go 151}","msg":"error updating client to server's version","error":"specified version of netclient doesn't exist https://github.com/gravitl/netclient/releases/download/v0.24.3/netclient-linux-amd64"}
Jun 27 06:43:47 H8 netclient[982]: {"time":"2024-06-27T06:43:47.919984643Z","level":"ERROR","source":"mqhandlers.go 151}","msg":"error updating client to server's version","error":"specified version of netclient doesn't exist https://github.com/gravitl/netclient/releases/download/v0.24.3/netclient-linux-amd64"}
Jun 27 06:43:52 H8 netclient[982]: {"time":"2024-06-27T06:43:52.611728186Z","level":"ERROR","source":"mqhandlers.go 151}","msg":"error updating client to server's version","error":"specified version of netclient doesn't exist https://github.com/gravitl/netclient/releases/download/v0.24.3/netclient-linux-amd64"}
Jun 27 06:43:55 H8 netclient[982]: {"time":"2024-06-27T06:43:55.528773948Z","level":"ERROR","source":"mqhandlers.go 151}","msg":"error updating client to server's version","error":"specified version of netclient doesn't exist https://github.com/gravitl/netclient/releases/download/v0.24.3/netclient-linux-amd64"}
Jun 27 06:44:39 H8 netclient[982]: {"time":"2024-06-27T06:44:39.17007676Z","level":"ERROR","source":"mqhandlers.go 151}","msg":"error updating client to server's version","error":"specified version of netclient doesn't exist https://github.com/gravitl/netclient/releases/download/v0.24.3/netclient-linux-amd64"}
Jun 27 06:44:39 H8 netclient[982]: {"time":"2024-06-27T06:44:39.368695719Z","level":"ERROR","source":"mqhandlers.go 151}","msg":"error updating client to server's version","error":"specified version of netclient doesn't exist https://github.com/gravitl/netclient/releases/download/v0.24.3/netclient-linux-amd64"}
Jun 27 06:44:46 H8 netclient[982]: {"time":"2024-06-27T06:44:46.993987796Z","level":"ERROR","source":"mqhandlers.go 151}","msg":"error updating client to server's version","error":"specified version of netclient doesn't exist https://github.com/gravitl/netclient/releases/download/v0.24.3/netclient-linux-amd64"}
Jun 27 06:44:47 H8 netclient[982]: {"time":"2024-06-27T06:44:47.353536647Z","level":"ERROR","source":"mqhandlers.go 151}","msg":"error updating client to server's version","error":"specified version of netclient doesn't exist https://github.com/gravitl/netclient/releases/download/v0.24.3/netclient-linux-amd64"}
Jun 27 06:46:32 H8 netclient[982]: {"time":"2024-06-27T06:46:32.846951177Z","level":"ERROR","source":"mqhandlers.go 151}","msg":"error updating client to server's version","error":"specified version of netclient doesn't exist https://github.com/gravitl/netclient/releases/download/v0.24.3/netclient-linux-amd64"}
