Jun 14 14:47:47 NM242 systemd[1]: Starting netclient.service - Netclient Daemon...
Jun 14 14:48:04 NM242 systemd[1]: Started netclient.service - Netclient Daemon.
Jun 14 14:48:04 NM242 netclient[4931]: daemon called
Jun 14 14:48:04 NM242 netclient[4931]: [netclient] 2024-06-14 14:48:04 Starting firewall...
Jun 14 14:48:04 NM242 netclient[4931]: [netclient] 2024-06-14 14:48:04 iptables is supported
Jun 14 14:48:04 NM242 netclient[4931]: [netclient] 2024-06-14 14:48:04 adding forwarding rule
Jun 14 14:48:04 NM242 netclient[4931]: {"time":"2024-06-14T14:48:04.720253873Z","level":"ERROR","source":"daemon.go 219}","msg":"fail to pull config from server","error":"server config not found"}
Jun 14 14:48:04 NM242 netclient[4931]: [netclient] 2024-06-14 14:48:04 adding addresses to netmaker interface
Jun 14 14:48:06 NM242 netclient[4931]: completed pull for server dentest.clustercat.com
Jun 14 14:48:06 NM242 netclient[4931]: [netclient] 2024-06-14 14:48:06 adding addresses to netmaker interface
Jun 14 14:48:06 NM242 netclient[4931]: [netclient] 2024-06-14 14:48:06 initialized endpoint detection on port 51821
Jun 14 14:48:06 NM242 netclient[4931]: [netclient] 2024-06-14 14:48:06 initialized endpoint detection on port 51821
Jun 14 14:48:07 NM242 netclient[4931]: [netclient] 2024-06-14 14:48:07 adding addresses to netmaker interface
Jun 14 15:06:39 NM242 netclient[4931]: [netclient] 2024-06-14 15:06:39 adding addresses to netmaker interface
Jun 14 15:07:06 NM242 netclient[4931]: [netclient] 2024-06-14 15:07:06 adding addresses to netmaker interface
Jun 14 15:54:52 NM242 systemd[1]: Stopping netclient.service - Netclient Daemon...
Jun 14 15:54:52 NM242 netclient[4931]: [netclient] 2024-06-14 15:54:52 checkin routine closed
Jun 14 15:54:52 NM242 netclient[4931]: [netclient] 2024-06-14 15:54:52 closed endpoint detection
Jun 14 15:54:52 NM242 netclient[4931]: [netclient] 2024-06-14 15:54:52 closed endpoint detection
Jun 14 15:54:52 NM242 systemd[1]: netclient.service: Deactivated successfully.
Jun 14 15:54:52 NM242 systemd[1]: Stopped netclient.service - Netclient Daemon.
Jun 14 15:54:52 NM242 systemd[1]: netclient.service: Consumed 2.102s CPU time.
Jun 14 15:55:32 NM242 systemd[1]: Starting netclient.service - Netclient Daemon...
Jun 14 15:55:49 NM242 systemd[1]: Started netclient.service - Netclient Daemon.
Jun 14 15:55:49 NM242 netclient[5543]: daemon called
Jun 14 15:55:49 NM242 netclient[5543]: [netclient] 2024-06-14 15:55:49 Starting firewall...
Jun 14 15:55:49 NM242 netclient[5543]: [netclient] 2024-06-14 15:55:49 iptables is supported
Jun 14 15:55:49 NM242 netclient[5543]: [netclient] 2024-06-14 15:55:49 adding forwarding rule
Jun 14 15:55:50 NM242 netclient[5543]: {"time":"2024-06-14T15:55:50.062855681Z","level":"ERROR","source":"daemon.go 217}","msg":"fail to pull config from server","error":"server config not found"}
Jun 14 15:55:50 NM242 netclient[5543]: [netclient] 2024-06-14 15:55:50 adding addresses to netmaker interface
Jun 14 15:55:53 NM242 netclient[5543]: completed pull for server dentest.clustercat.com
Jun 14 15:55:53 NM242 netclient[5543]: [netclient] 2024-06-14 15:55:53 adding addresses to netmaker interface
Jun 14 15:55:53 NM242 netclient[5543]: [netclient] 2024-06-14 15:55:53 initialized endpoint detection on port 51821
Jun 14 15:55:54 NM242 netclient[5543]: [netclient] 2024-06-14 15:55:54 failed metric collection for node NM242 file does not exist
Jun 14 15:55:54 NM242 netclient[5543]: [netclient] 2024-06-14 15:55:54 adding addresses to netmaker interface
Jun 14 15:55:54 NM242 netclient[5543]: [netclient] 2024-06-14 15:55:54 adding addresses to netmaker interface
Jun 14 15:55:54 NM242 systemd[1]: Stopping netclient.service - Netclient Daemon...
Jun 14 15:55:54 NM242 netclient[5543]: [netclient] 2024-06-14 15:55:54 closed endpoint detection
Jun 14 15:55:54 NM242 netclient[5543]: [netclient] 2024-06-14 15:55:54 checkin routine closed
Jun 14 15:55:54 NM242 netclient[5543]: [netclient] 2024-06-14 15:55:54 adding addresses to netmaker interface
Jun 14 15:55:54 NM242 systemd[1]: netclient.service: Deactivated successfully.
Jun 14 15:55:54 NM242 systemd[1]: Stopped netclient.service - Netclient Daemon.
Jun 14 15:55:54 NM242 systemd[1]: Starting netclient.service - Netclient Daemon...
Jun 14 15:56:11 NM242 systemd[1]: Started netclient.service - Netclient Daemon.
Jun 14 15:56:11 NM242 systemd[1]: netclient.service: Main process exited, code=killed, status=11/SEGV
Jun 14 15:56:11 NM242 systemd[1]: netclient.service: Failed with result 'signal'.
Jun 14 15:56:26 NM242 systemd[1]: netclient.service: Scheduled restart job, restart counter is at 1.
Jun 14 15:56:26 NM242 systemd[1]: Starting netclient.service - Netclient Daemon...
Jun 14 15:56:43 NM242 systemd[1]: Started netclient.service - Netclient Daemon.
Jun 14 15:56:43 NM242 systemd[1]: netclient.service: Main process exited, code=killed, status=11/SEGV
Jun 14 15:56:43 NM242 systemd[1]: netclient.service: Failed with result 'signal'.
Jun 14 15:56:58 NM242 systemd[1]: netclient.service: Scheduled restart job, restart counter is at 2.
Jun 14 15:56:58 NM242 systemd[1]: Starting netclient.service - Netclient Daemon...
Jun 14 15:57:15 NM242 systemd[1]: Started netclient.service - Netclient Daemon.
Jun 14 15:57:15 NM242 systemd[1]: netclient.service: Main process exited, code=killed, status=11/SEGV
Jun 14 15:57:15 NM242 systemd[1]: netclient.service: Failed with result 'signal'.
Jun 14 15:57:31 NM242 systemd[1]: netclient.service: Scheduled restart job, restart counter is at 3.
Jun 14 15:57:31 NM242 systemd[1]: Starting netclient.service - Netclient Daemon...
Jun 14 15:57:48 NM242 systemd[1]: Started netclient.service - Netclient Daemon.
Jun 14 15:57:48 NM242 systemd[1]: netclient.service: Main process exited, code=killed, status=11/SEGV
Jun 14 15:57:48 NM242 systemd[1]: netclient.service: Failed with result 'signal'.
Jun 14 15:58:03 NM242 systemd[1]: netclient.service: Scheduled restart job, restart counter is at 4.
Jun 14 15:58:03 NM242 systemd[1]: Starting netclient.service - Netclient Daemon...
Jun 14 15:58:20 NM242 systemd[1]: Started netclient.service - Netclient Daemon.
Jun 14 15:58:20 NM242 systemd[1]: netclient.service: Main process exited, code=killed, status=11/SEGV
Jun 14 15:58:20 NM242 systemd[1]: netclient.service: Failed with result 'signal'.
Jun 14 15:58:35 NM242 systemd[1]: netclient.service: Scheduled restart job, restart counter is at 5.
Jun 14 15:58:35 NM242 systemd[1]: Starting netclient.service - Netclient Daemon...
Jun 14 15:58:52 NM242 systemd[1]: Started netclient.service - Netclient Daemon.
Jun 14 15:58:52 NM242 systemd[1]: netclient.service: Main process exited, code=killed, status=11/SEGV
Jun 14 15:58:52 NM242 systemd[1]: netclient.service: Failed with result 'signal'.
Jun 14 15:59:07 NM242 systemd[1]: netclient.service: Scheduled restart job, restart counter is at 6.
Jun 14 15:59:07 NM242 systemd[1]: Starting netclient.service - Netclient Daemon...
Jun 14 15:59:24 NM242 systemd[1]: Started netclient.service - Netclient Daemon.
Jun 14 15:59:24 NM242 systemd[1]: netclient.service: Main process exited, code=killed, status=11/SEGV
Jun 14 15:59:24 NM242 systemd[1]: netclient.service: Failed with result 'signal'.
Jun 14 15:59:40 NM242 systemd[1]: netclient.service: Scheduled restart job, restart counter is at 7.
Jun 14 15:59:40 NM242 systemd[1]: Starting netclient.service - Netclient Daemon...
Jun 14 15:59:57 NM242 systemd[1]: Started netclient.service - Netclient Daemon.
Jun 14 15:59:57 NM242 systemd[1]: netclient.service: Main process exited, code=killed, status=11/SEGV
Jun 14 15:59:57 NM242 systemd[1]: netclient.service: Failed with result 'signal'.
Jun 14 15:59:58 NM242 systemd[1]: Stopped netclient.service - Netclient Daemon.
-- Boot 63cbe0abe65a419ca68a9063d0697722 --
Jun 14 16:00:29 NM242 systemd[1]: Starting netclient.service - Netclient Daemon...
Jun 14 16:00:46 NM242 systemd[1]: Started netclient.service - Netclient Daemon.
Jun 14 16:00:46 NM242 systemd[1]: netclient.service: Main process exited, code=killed, status=11/SEGV
Jun 14 16:00:46 NM242 systemd[1]: netclient.service: Failed with result 'signal'.
Jun 14 16:01:01 NM242 systemd[1]: netclient.service: Scheduled restart job, restart counter is at 1.
Jun 14 16:01:01 NM242 systemd[1]: Starting netclient.service - Netclient Daemon...
Jun 14 16:01:18 NM242 systemd[1]: Started netclient.service - Netclient Daemon.
Jun 14 16:01:18 NM242 systemd[1]: netclient.service: Main process exited, code=killed, status=11/SEGV
Jun 14 16:01:18 NM242 systemd[1]: netclient.service: Failed with result 'signal'.
Jun 14 16:01:33 NM242 systemd[1]: netclient.service: Scheduled restart job, restart counter is at 2.
Jun 14 16:01:33 NM242 systemd[1]: Starting netclient.service - Netclient Daemon...
Jun 14 16:01:50 NM242 systemd[1]: Started netclient.service - Netclient Daemon.
Jun 14 16:01:50 NM242 systemd[1]: netclient.service: Main process exited, code=killed, status=11/SEGV
Jun 14 16:01:50 NM242 systemd[1]: netclient.service: Failed with result 'signal'.
Jun 14 16:02:06 NM242 systemd[1]: netclient.service: Scheduled restart job, restart counter is at 3.
Jun 14 16:02:06 NM242 systemd[1]: Starting netclient.service - Netclient Daemon...
Jun 14 16:02:23 NM242 systemd[1]: Started netclient.service - Netclient Daemon.
Jun 14 16:02:23 NM242 systemd[1]: netclient.service: Main process exited, code=killed, status=11/SEGV
Jun 14 16:02:23 NM242 systemd[1]: netclient.service: Failed with result 'signal'.
Jun 14 16:02:38 NM242 systemd[1]: netclient.service: Scheduled restart job, restart counter is at 4.
Jun 14 16:02:38 NM242 systemd[1]: Starting netclient.service - Netclient Daemon...
Jun 14 16:02:55 NM242 systemd[1]: Started netclient.service - Netclient Daemon.
Jun 14 16:02:55 NM242 systemd[1]: netclient.service: Main process exited, code=killed, status=11/SEGV
Jun 14 16:02:55 NM242 systemd[1]: netclient.service: Failed with result 'signal'.
Jun 14 16:03:10 NM242 systemd[1]: netclient.service: Scheduled restart job, restart counter is at 5.
Jun 14 16:03:10 NM242 systemd[1]: Starting netclient.service - Netclient Daemon...
Jun 14 16:03:27 NM242 systemd[1]: Started netclient.service - Netclient Daemon.
Jun 14 16:03:27 NM242 systemd[1]: netclient.service: Main process exited, code=killed, status=11/SEGV
Jun 14 16:03:27 NM242 systemd[1]: netclient.service: Failed with result 'signal'.
Jun 14 16:03:42 NM242 systemd[1]: netclient.service: Scheduled restart job, restart counter is at 6.
Jun 14 16:03:42 NM242 systemd[1]: Starting netclient.service - Netclient Daemon...
Jun 14 16:03:59 NM242 systemd[1]: Started netclient.service - Netclient Daemon.
Jun 14 16:03:59 NM242 systemd[1]: netclient.service: Main process exited, code=killed, status=11/SEGV
Jun 14 16:03:59 NM242 systemd[1]: netclient.service: Failed with result 'signal'.
Jun 14 16:04:15 NM242 systemd[1]: netclient.service: Scheduled restart job, restart counter is at 7.
Jun 14 16:04:15 NM242 systemd[1]: Starting netclient.service - Netclient Daemon...
Jun 14 16:04:32 NM242 systemd[1]: Started netclient.service - Netclient Daemon.
Jun 14 16:04:32 NM242 systemd[1]: netclient.service: Main process exited, code=killed, status=11/SEGV
Jun 14 16:04:32 NM242 systemd[1]: netclient.service: Failed with result 'signal'.
Jun 14 16:04:47 NM242 systemd[1]: netclient.service: Scheduled restart job, restart counter is at 8.
Jun 14 16:04:47 NM242 systemd[1]: Starting netclient.service - Netclient Daemon...
Jun 14 16:05:04 NM242 systemd[1]: Started netclient.service - Netclient Daemon.
Jun 14 16:05:04 NM242 systemd[1]: netclient.service: Main process exited, code=killed, status=11/SEGV
Jun 14 16:05:04 NM242 systemd[1]: netclient.service: Failed with result 'signal'.
Jun 14 16:05:19 NM242 systemd[1]: netclient.service: Scheduled restart job, restart counter is at 9.
Jun 14 16:05:19 NM242 systemd[1]: Starting netclient.service - Netclient Daemon...
Jun 14 16:05:36 NM242 systemd[1]: Started netclient.service - Netclient Daemon.
Jun 14 16:05:36 NM242 systemd[1]: netclient.service: Main process exited, code=killed, status=11/SEGV
Jun 14 16:05:36 NM242 systemd[1]: netclient.service: Failed with result 'signal'.
Jun 14 16:05:51 NM242 systemd[1]: netclient.service: Scheduled restart job, restart counter is at 10.
Jun 14 16:05:51 NM242 systemd[1]: Starting netclient.service - Netclient Daemon...
Jun 14 16:06:08 NM242 systemd[1]: Started netclient.service - Netclient Daemon.
Jun 14 16:06:08 NM242 systemd[1]: netclient.service: Main process exited, code=killed, status=11/SEGV
Jun 14 16:06:08 NM242 systemd[1]: netclient.service: Failed with result 'signal'.
Jun 14 16:06:24 NM242 systemd[1]: netclient.service: Scheduled restart job, restart counter is at 11.
Jun 14 16:06:24 NM242 systemd[1]: Starting netclient.service - Netclient Daemon...
Jun 14 16:06:41 NM242 systemd[1]: Started netclient.service - Netclient Daemon.
Jun 14 16:06:41 NM242 systemd[1]: netclient.service: Main process exited, code=killed, status=11/SEGV
Jun 14 16:06:41 NM242 systemd[1]: netclient.service: Failed with result 'signal'.
Jun 14 16:06:56 NM242 systemd[1]: netclient.service: Scheduled restart job, restart counter is at 12.
Jun 14 16:06:56 NM242 systemd[1]: Starting netclient.service - Netclient Daemon...
Jun 14 16:07:13 NM242 systemd[1]: Started netclient.service - Netclient Daemon.
Jun 14 16:07:13 NM242 systemd[1]: netclient.service: Main process exited, code=killed, status=11/SEGV
Jun 14 16:07:13 NM242 systemd[1]: netclient.service: Failed with result 'signal'.
Jun 14 16:07:28 NM242 systemd[1]: netclient.service: Scheduled restart job, restart counter is at 13.
Jun 14 16:07:28 NM242 systemd[1]: Starting netclient.service - Netclient Daemon...
Jun 14 16:07:45 NM242 systemd[1]: Started netclient.service - Netclient Daemon.
Jun 14 16:07:45 NM242 systemd[1]: netclient.service: Main process exited, code=killed, status=11/SEGV
Jun 14 16:07:45 NM242 systemd[1]: netclient.service: Failed with result 'signal'.
Jun 14 16:08:00 NM242 systemd[1]: netclient.service: Scheduled restart job, restart counter is at 14.
Jun 14 16:08:00 NM242 systemd[1]: Starting netclient.service - Netclient Daemon...
Jun 14 16:08:17 NM242 systemd[1]: Started netclient.service - Netclient Daemon.
Jun 14 16:08:17 NM242 systemd[1]: netclient.service: Main process exited, code=killed, status=11/SEGV
Jun 14 16:08:17 NM242 systemd[1]: netclient.service: Failed with result 'signal'.
Jun 14 16:08:33 NM242 systemd[1]: netclient.service: Scheduled restart job, restart counter is at 15.
Jun 14 16:08:33 NM242 systemd[1]: Starting netclient.service - Netclient Daemon...
Jun 14 16:08:50 NM242 systemd[1]: Started netclient.service - Netclient Daemon.
Jun 14 16:08:50 NM242 systemd[1]: netclient.service: Main process exited, code=killed, status=11/SEGV
Jun 14 16:08:50 NM242 systemd[1]: netclient.service: Failed with result 'signal'.
Jun 14 16:09:05 NM242 systemd[1]: netclient.service: Scheduled restart job, restart counter is at 16.
Jun 14 16:09:05 NM242 systemd[1]: Starting netclient.service - Netclient Daemon...
Jun 14 16:09:22 NM242 systemd[1]: Started netclient.service - Netclient Daemon.
Jun 14 16:09:22 NM242 systemd[1]: netclient.service: Main process exited, code=killed, status=11/SEGV
Jun 14 16:09:22 NM242 systemd[1]: netclient.service: Failed with result 'signal'.
Jun 14 16:09:37 NM242 systemd[1]: netclient.service: Scheduled restart job, restart counter is at 17.
Jun 14 16:09:37 NM242 systemd[1]: Starting netclient.service - Netclient Daemon...
Jun 14 16:09:54 NM242 systemd[1]: Started netclient.service - Netclient Daemon.
Jun 14 16:09:54 NM242 systemd[1]: netclient.service: Main process exited, code=killed, status=11/SEGV
Jun 14 16:09:54 NM242 systemd[1]: netclient.service: Failed with result 'signal'.
Jun 14 16:10:09 NM242 systemd[1]: netclient.service: Scheduled restart job, restart counter is at 18.
Jun 14 16:10:09 NM242 systemd[1]: Starting netclient.service - Netclient Daemon...
Jun 14 16:10:26 NM242 systemd[1]: Started netclient.service - Netclient Daemon.
Jun 14 16:10:26 NM242 systemd[1]: netclient.service: Main process exited, code=killed, status=11/SEGV
Jun 14 16:10:26 NM242 systemd[1]: netclient.service: Failed with result 'signal'.
Jun 14 16:10:42 NM242 systemd[1]: netclient.service: Scheduled restart job, restart counter is at 19.
Jun 14 16:10:42 NM242 systemd[1]: Starting netclient.service - Netclient Daemon...
Jun 14 16:10:59 NM242 systemd[1]: Started netclient.service - Netclient Daemon.
Jun 14 16:10:59 NM242 systemd[1]: netclient.service: Main process exited, code=killed, status=11/SEGV
Jun 14 16:10:59 NM242 systemd[1]: netclient.service: Failed with result 'signal'.
Jun 14 16:11:14 NM242 systemd[1]: netclient.service: Scheduled restart job, restart counter is at 20.
Jun 14 16:11:14 NM242 systemd[1]: Starting netclient.service - Netclient Daemon...
Jun 14 16:11:31 NM242 systemd[1]: Started netclient.service - Netclient Daemon.
Jun 14 16:11:31 NM242 systemd[1]: netclient.service: Main process exited, code=killed, status=11/SEGV
Jun 14 16:11:31 NM242 systemd[1]: netclient.service: Failed with result 'signal'.
Jun 14 16:11:46 NM242 systemd[1]: netclient.service: Scheduled restart job, restart counter is at 21.
Jun 14 16:11:46 NM242 systemd[1]: Starting netclient.service - Netclient Daemon...
Jun 14 16:12:03 NM242 systemd[1]: Started netclient.service - Netclient Daemon.
Jun 14 16:12:03 NM242 systemd[1]: netclient.service: Main process exited, code=killed, status=11/SEGV
Jun 14 16:12:03 NM242 systemd[1]: netclient.service: Failed with result 'signal'.
Jun 14 16:12:18 NM242 systemd[1]: netclient.service: Scheduled restart job, restart counter is at 22.
Jun 14 16:12:18 NM242 systemd[1]: Starting netclient.service - Netclient Daemon...
Jun 14 16:12:35 NM242 systemd[1]: Started netclient.service - Netclient Daemon.
Jun 14 16:12:35 NM242 systemd[1]: netclient.service: Main process exited, code=killed, status=11/SEGV
Jun 14 16:12:35 NM242 systemd[1]: netclient.service: Failed with result 'signal'.
Jun 14 16:12:51 NM242 systemd[1]: netclient.service: Scheduled restart job, restart counter is at 23.
Jun 14 16:12:51 NM242 systemd[1]: Starting netclient.service - Netclient Daemon...
Jun 14 16:13:08 NM242 systemd[1]: Started netclient.service - Netclient Daemon.
Jun 14 16:13:08 NM242 systemd[1]: netclient.service: Main process exited, code=killed, status=11/SEGV
Jun 14 16:13:08 NM242 systemd[1]: netclient.service: Failed with result 'signal'.
Jun 14 16:13:23 NM242 systemd[1]: netclient.service: Scheduled restart job, restart counter is at 24.
Jun 14 16:13:23 NM242 systemd[1]: Starting netclient.service - Netclient Daemon...
Jun 14 16:13:40 NM242 systemd[1]: Started netclient.service - Netclient Daemon.
Jun 14 16:13:40 NM242 systemd[1]: netclient.service: Main process exited, code=killed, status=11/SEGV
Jun 14 16:13:40 NM242 systemd[1]: netclient.service: Failed with result 'signal'.
Jun 14 16:13:55 NM242 systemd[1]: netclient.service: Scheduled restart job, restart counter is at 25.
Jun 14 16:13:55 NM242 systemd[1]: Starting netclient.service - Netclient Daemon...
Jun 14 16:14:12 NM242 systemd[1]: Started netclient.service - Netclient Daemon.
Jun 14 16:14:12 NM242 systemd[1]: netclient.service: Main process exited, code=killed, status=11/SEGV
Jun 14 16:14:12 NM242 systemd[1]: netclient.service: Failed with result 'signal'.
Jun 14 16:14:27 NM242 systemd[1]: netclient.service: Scheduled restart job, restart counter is at 26.
Jun 14 16:14:27 NM242 systemd[1]: Starting netclient.service - Netclient Daemon...
Jun 14 16:14:44 NM242 systemd[1]: Started netclient.service - Netclient Daemon.
Jun 14 16:14:44 NM242 systemd[1]: netclient.service: Main process exited, code=killed, status=11/SEGV
Jun 14 16:14:44 NM242 systemd[1]: netclient.service: Failed with result 'signal'.
Jun 14 16:15:00 NM242 systemd[1]: netclient.service: Scheduled restart job, restart counter is at 27.
Jun 14 16:15:00 NM242 systemd[1]: Starting netclient.service - Netclient Daemon...
Jun 14 16:15:17 NM242 systemd[1]: Started netclient.service - Netclient Daemon.
Jun 14 16:15:17 NM242 systemd[1]: netclient.service: Main process exited, code=killed, status=11/SEGV
Jun 14 16:15:17 NM242 systemd[1]: netclient.service: Failed with result 'signal'.
Jun 14 16:15:32 NM242 systemd[1]: netclient.service: Scheduled restart job, restart counter is at 28.
Jun 14 16:15:32 NM242 systemd[1]: Starting netclient.service - Netclient Daemon...
Jun 14 16:15:49 NM242 systemd[1]: Started netclient.service - Netclient Daemon.
Jun 14 16:15:49 NM242 systemd[1]: netclient.service: Main process exited, code=killed, status=11/SEGV
Jun 14 16:15:49 NM242 systemd[1]: netclient.service: Failed with result 'signal'.
Jun 14 16:16:04 NM242 systemd[1]: netclient.service: Scheduled restart job, restart counter is at 29.
Jun 14 16:16:04 NM242 systemd[1]: Starting netclient.service - Netclient Daemon...
Jun 14 16:16:21 NM242 systemd[1]: Started netclient.service - Netclient Daemon.
Jun 14 16:16:21 NM242 systemd[1]: netclient.service: Main process exited, code=killed, status=11/SEGV
Jun 14 16:16:21 NM242 systemd[1]: netclient.service: Failed with result 'signal'.
Jun 14 16:16:36 NM242 systemd[1]: netclient.service: Scheduled restart job, restart counter is at 30.
Jun 14 16:16:36 NM242 systemd[1]: Starting netclient.service - Netclient Daemon...
Jun 14 16:16:53 NM242 systemd[1]: Started netclient.service - Netclient Daemon.
Jun 14 16:16:53 NM242 systemd[1]: netclient.service: Main process exited, code=killed, status=11/SEGV
Jun 14 16:16:53 NM242 systemd[1]: netclient.service: Failed with result 'signal'.
Jun 14 16:17:09 NM242 systemd[1]: netclient.service: Scheduled restart job, restart counter is at 31.
Jun 14 16:17:09 NM242 systemd[1]: Starting netclient.service - Netclient Daemon...
Jun 14 16:17:26 NM242 systemd[1]: Started netclient.service - Netclient Daemon.
Jun 14 16:17:26 NM242 systemd[1]: netclient.service: Main process exited, code=killed, status=11/SEGV
Jun 14 16:17:26 NM242 systemd[1]: netclient.service: Failed with result 'signal'.
Jun 14 16:17:41 NM242 systemd[1]: netclient.service: Scheduled restart job, restart counter is at 32.
Jun 14 16:17:41 NM242 systemd[1]: Starting netclient.service - Netclient Daemon...
Jun 14 16:17:58 NM242 systemd[1]: Started netclient.service - Netclient Daemon.
Jun 14 16:17:58 NM242 systemd[1]: netclient.service: Main process exited, code=killed, status=11/SEGV
Jun 14 16:17:58 NM242 systemd[1]: netclient.service: Failed with result 'signal'.
Jun 14 16:18:13 NM242 systemd[1]: netclient.service: Scheduled restart job, restart counter is at 33.
Jun 14 16:18:13 NM242 systemd[1]: Starting netclient.service - Netclient Daemon...
Jun 14 16:18:30 NM242 systemd[1]: Started netclient.service - Netclient Daemon.
Jun 14 16:18:30 NM242 systemd[1]: netclient.service: Main process exited, code=killed, status=11/SEGV
Jun 14 16:18:30 NM242 systemd[1]: netclient.service: Failed with result 'signal'.
Jun 14 16:18:45 NM242 systemd[1]: netclient.service: Scheduled restart job, restart counter is at 34.
Jun 14 16:18:45 NM242 systemd[1]: Starting netclient.service - Netclient Daemon...
Jun 14 16:19:02 NM242 systemd[1]: Started netclient.service - Netclient Daemon.
Jun 14 16:19:02 NM242 systemd[1]: netclient.service: Main process exited, code=killed, status=11/SEGV
Jun 14 16:19:02 NM242 systemd[1]: netclient.service: Failed with result 'signal'.
Jun 14 16:19:18 NM242 systemd[1]: netclient.service: Scheduled restart job, restart counter is at 35.
Jun 14 16:19:18 NM242 systemd[1]: Starting netclient.service - Netclient Daemon...
Jun 14 16:19:35 NM242 systemd[1]: Started netclient.service - Netclient Daemon.
Jun 14 16:19:35 NM242 systemd[1]: netclient.service: Main process exited, code=killed, status=11/SEGV
Jun 14 16:19:35 NM242 systemd[1]: netclient.service: Failed with result 'signal'.
Jun 14 16:19:50 NM242 systemd[1]: netclient.service: Scheduled restart job, restart counter is at 36.
Jun 14 16:19:50 NM242 systemd[1]: Starting netclient.service - Netclient Daemon...
Jun 14 16:20:07 NM242 systemd[1]: Started netclient.service - Netclient Daemon.
Jun 14 16:20:07 NM242 systemd[1]: netclient.service: Main process exited, code=killed, status=11/SEGV
Jun 14 16:20:07 NM242 systemd[1]: netclient.service: Failed with result 'signal'.
Jun 14 16:20:22 NM242 systemd[1]: netclient.service: Scheduled restart job, restart counter is at 37.
Jun 14 16:20:22 NM242 systemd[1]: Starting netclient.service - Netclient Daemon...
Jun 14 16:20:39 NM242 systemd[1]: Started netclient.service - Netclient Daemon.
Jun 14 16:20:39 NM242 systemd[1]: netclient.service: Main process exited, code=killed, status=11/SEGV
Jun 14 16:20:39 NM242 systemd[1]: netclient.service: Failed with result 'signal'.
Jun 14 16:20:54 NM242 systemd[1]: netclient.service: Scheduled restart job, restart counter is at 38.
Jun 14 16:20:54 NM242 systemd[1]: Starting netclient.service - Netclient Daemon...
Jun 14 16:21:11 NM242 systemd[1]: Started netclient.service - Netclient Daemon.
Jun 14 16:21:11 NM242 systemd[1]: netclient.service: Main process exited, code=killed, status=11/SEGV
Jun 14 16:21:11 NM242 systemd[1]: netclient.service: Failed with result 'signal'.
Jun 14 16:21:27 NM242 systemd[1]: netclient.service: Scheduled restart job, restart counter is at 39.
Jun 14 16:21:27 NM242 systemd[1]: Starting netclient.service - Netclient Daemon...
Jun 14 16:21:44 NM242 systemd[1]: Started netclient.service - Netclient Daemon.
Jun 14 16:21:44 NM242 systemd[1]: netclient.service: Main process exited, code=killed, status=11/SEGV
Jun 14 16:21:44 NM242 systemd[1]: netclient.service: Failed with result 'signal'.
Jun 14 16:21:59 NM242 systemd[1]: netclient.service: Scheduled restart job, restart counter is at 40.
Jun 14 16:21:59 NM242 systemd[1]: Starting netclient.service - Netclient Daemon...
Jun 14 16:22:16 NM242 systemd[1]: Started netclient.service - Netclient Daemon.
Jun 14 16:22:16 NM242 systemd[1]: netclient.service: Main process exited, code=killed, status=11/SEGV
Jun 14 16:22:16 NM242 systemd[1]: netclient.service: Failed with result 'signal'.
Jun 14 16:22:31 NM242 systemd[1]: netclient.service: Scheduled restart job, restart counter is at 41.
Jun 14 16:22:31 NM242 systemd[1]: Starting netclient.service - Netclient Daemon...
Jun 14 16:22:48 NM242 systemd[1]: Started netclient.service - Netclient Daemon.
Jun 14 16:22:48 NM242 systemd[1]: netclient.service: Main process exited, code=killed, status=11/SEGV
Jun 14 16:22:48 NM242 systemd[1]: netclient.service: Failed with result 'signal'.
Jun 14 16:23:03 NM242 systemd[1]: netclient.service: Scheduled restart job, restart counter is at 42.
Jun 14 16:23:03 NM242 systemd[1]: Starting netclient.service - Netclient Daemon...
Jun 14 16:23:20 NM242 systemd[1]: Started netclient.service - Netclient Daemon.
Jun 14 16:23:20 NM242 systemd[1]: netclient.service: Main process exited, code=killed, status=11/SEGV
Jun 14 16:23:20 NM242 systemd[1]: netclient.service: Failed with result 'signal'.
Jun 14 16:23:36 NM242 systemd[1]: netclient.service: Scheduled restart job, restart counter is at 43.
Jun 14 16:23:36 NM242 systemd[1]: Starting netclient.service - Netclient Daemon...
Jun 14 16:23:53 NM242 systemd[1]: Started netclient.service - Netclient Daemon.
Jun 14 16:23:53 NM242 systemd[1]: netclient.service: Main process exited, code=killed, status=11/SEGV
Jun 14 16:23:53 NM242 systemd[1]: netclient.service: Failed with result 'signal'.
Jun 14 16:24:08 NM242 systemd[1]: netclient.service: Scheduled restart job, restart counter is at 44.
Jun 14 16:24:08 NM242 systemd[1]: Starting netclient.service - Netclient Daemon...
Jun 14 16:24:25 NM242 systemd[1]: Started netclient.service - Netclient Daemon.
Jun 14 16:24:25 NM242 systemd[1]: netclient.service: Main process exited, code=killed, status=11/SEGV
Jun 14 16:24:25 NM242 systemd[1]: netclient.service: Failed with result 'signal'.
