Jun 26 09:22:18 H3 systemd[1]: Starting netclient.service - Netclient Daemon...
Jun 26 09:22:35 H3 systemd[1]: Started netclient.service - Netclient Daemon.
Jun 26 09:22:35 H3 netclient[2615]: daemon called
Jun 26 09:22:35 H3 netclient[2615]: [netclient] 2024-06-26 09:22:35 Starting firewall...
Jun 26 09:22:35 H3 netclient[2615]: [netclient] 2024-06-26 09:22:35 iptables is supported
Jun 26 09:22:35 H3 netclient[2615]: [netclient] 2024-06-26 09:22:35 adding forwarding rule
Jun 26 09:22:35 H3 netclient[2615]: {"time":"2024-06-26T09:22:35.701446019Z","level":"ERROR","source":"daemon.go 219}","msg":"fail to pull config from server","error":"server config not found"}
Jun 26 09:22:35 H3 netclient[2615]: [netclient] 2024-06-26 09:22:35 adding addresses to netmaker interface
Jun 26 09:24:09 H3 netclient[2615]: completed pull for server dentest.clustercat.com
Jun 26 09:24:09 H3 netclient[2615]: [netclient] 2024-06-26 09:24:09 adding addresses to netmaker interface
Jun 26 09:24:09 H3 netclient[2615]: [netclient] 2024-06-26 09:24:09 initialized endpoint detection on port 51821
Jun 26 09:24:09 H3 netclient[2615]: [netclient] 2024-06-26 09:24:09 initialized endpoint detection on port 51821
Jun 26 09:24:10 H3 netclient[2615]: {"time":"2024-06-26T09:24:10.561621396Z","level":"ERROR","source":"mqhandlers.go 151}","msg":"error updating client to server's version","error":"specified version of netclient doesn't exist https://github.com/gravitl/netclient/releases/download/v0.24.3/netclient-linux-amd64"}
Jun 26 09:24:10 H3 netclient[2615]: [netclient] 2024-06-26 09:24:10 adding addresses to netmaker interface
Jun 26 09:24:39 H3 netclient[2615]: {"time":"2024-06-26T09:24:39.447845581Z","level":"ERROR","source":"mqhandlers.go 151}","msg":"error updating client to server's version","error":"specified version of netclient doesn't exist https://github.com/gravitl/netclient/releases/download/v0.24.3/netclient-linux-amd64"}
Jun 26 09:24:47 H3 netclient[2615]: {"time":"2024-06-26T09:24:47.151085173Z","level":"ERROR","source":"mqhandlers.go 151}","msg":"error updating client to server's version","error":"specified version of netclient doesn't exist https://github.com/gravitl/netclient/releases/download/v0.24.3/netclient-linux-amd64"}
Jun 26 09:25:00 H3 netclient[2615]: {"time":"2024-06-26T09:25:00.269472928Z","level":"ERROR","source":"mqhandlers.go 151}","msg":"error updating client to server's version","error":"specified version of netclient doesn't exist https://github.com/gravitl/netclient/releases/download/v0.24.3/netclient-linux-amd64"}
Jun 26 09:25:12 H3 netclient[2615]: {"time":"2024-06-26T09:25:12.835563105Z","level":"ERROR","source":"mqhandlers.go 151}","msg":"error updating client to server's version","error":"specified version of netclient doesn't exist https://github.com/gravitl/netclient/releases/download/v0.24.3/netclient-linux-amd64"}
Jun 26 09:25:14 H3 netclient[2615]: {"time":"2024-06-26T09:25:14.744796466Z","level":"ERROR","source":"mqhandlers.go 151}","msg":"error updating client to server's version","error":"specified version of netclient doesn't exist https://github.com/gravitl/netclient/releases/download/v0.24.3/netclient-linux-amd64"}
Jun 26 09:25:18 H3 netclient[2615]: {"time":"2024-06-26T09:25:18.008307094Z","level":"ERROR","source":"mqhandlers.go 151}","msg":"error updating client to server's version","error":"specified version of netclient doesn't exist https://github.com/gravitl/netclient/releases/download/v0.24.3/netclient-linux-amd64"}
Jun 26 09:25:24 H3 netclient[2615]: {"time":"2024-06-26T09:25:24.424447716Z","level":"ERROR","source":"mqhandlers.go 151}","msg":"error updating client to server's version","error":"specified version of netclient doesn't exist https://github.com/gravitl/netclient/releases/download/v0.24.3/netclient-linux-amd64"}
Jun 26 09:30:15 H3 netclient[2615]: {"time":"2024-06-26T09:30:15.932687627Z","level":"ERROR","source":"mqhandlers.go 151}","msg":"error updating client to server's version","error":"specified version of netclient doesn't exist https://github.com/gravitl/netclient/releases/download/v0.24.3/netclient-linux-amd64"}
Jun 26 09:35:15 H3 netclient[2615]: {"time":"2024-06-26T09:35:15.987267725Z","level":"ERROR","source":"mqhandlers.go 151}","msg":"error updating client to server's version","error":"specified version of netclient doesn't exist https://github.com/gravitl/netclient/releases/download/v0.24.3/netclient-linux-amd64"}
Jun 26 09:35:41 H3 netclient[2615]: [netclient] 2024-06-26 09:35:41 checkin routine closed
Jun 26 09:35:41 H3 netclient[2615]: [netclient] 2024-06-26 09:35:41 closed endpoint detection
Jun 26 09:35:41 H3 netclient[2615]: [netclient] 2024-06-26 09:35:41 closed endpoint detection
Jun 26 09:35:41 H3 netclient[2615]: {"time":"2024-06-26T09:35:41.619942585Z","level":"ERROR","source":"daemon.go 219}","msg":"fail to pull config from server","error":"Post \"https://api.dentest.clustercat.com:443/api/hosts/adm/authenticate\": dial tcp [2604:a880:400:d0::17bf:2001]:443: connect: connection refused"}
Jun 26 09:35:41 H3 netclient[2615]: [netclient] 2024-06-26 09:35:41 adding addresses to netmaker interface
Jun 26 09:35:41 H3 netclient[2615]: [netclient] 2024-06-26 09:35:41 initialized endpoint detection on port 51821
Jun 26 09:35:41 H3 netclient[2615]: [netclient] 2024-06-26 09:35:41 initialized endpoint detection on port 51821
Jun 26 09:35:55 H3 systemd[1]: Stopping netclient.service - Netclient Daemon...
Jun 26 09:35:55 H3 netclient[2615]: [netclient] 2024-06-26 09:35:55 closed endpoint detection
Jun 26 09:35:55 H3 netclient[2615]: [netclient] 2024-06-26 09:35:55 closed endpoint detection
Jun 26 09:35:55 H3 netclient[2615]: [netclient] 2024-06-26 09:35:55 checkin routine closed
Jun 26 09:36:11 H3 netclient[2615]: [netclient] 2024-06-26 09:36:11 unable to connect to broker, retrying ...
Jun 26 09:36:11 H3 netclient[2615]: [netclient] 2024-06-26 09:36:11 unable to connect to broker, retrying ...
Jun 26 09:36:11 H3 netclient[2615]: [netclient] 2024-06-26 09:36:11 unable to connect to broker, retrying ...
Jun 26 09:36:11 H3 netclient[2615]: {"time":"2024-06-26T09:36:11.633017382Z","level":"ERROR","source":"daemon.go 348}","msg":"unable to connect to broker","server":"wss://broker.dentest.clustercat.com","error":"status can only transition to connecting from disconnected"}
Jun 26 09:36:11 H3 netclient[2615]: {"time":"2024-06-26T09:36:11.63306961Z","level":"ERROR","source":"daemon.go 285}","msg":"unable to connect to broker","server":"wss://broker.dentest.clustercat.com","error":"status can only transition to connecting from disconnected"}
Jun 26 09:36:11 H3 systemd[1]: netclient.service: Deactivated successfully.
Jun 26 09:36:11 H3 systemd[1]: Stopped netclient.service - Netclient Daemon.
-- Boot d77587274d4740f4a778c1c3a713444c --
Jun 26 12:25:38 H3 systemd[1]: Starting netclient.service - Netclient Daemon...
Jun 26 12:25:55 H3 systemd[1]: Started netclient.service - Netclient Daemon.
Jun 26 12:25:55 H3 netclient[864]: daemon called
Jun 26 12:25:55 H3 netclient[864]: [netclient] 2024-06-26 12:25:55 Starting firewall...
Jun 26 12:25:55 H3 netclient[864]: [netclient] 2024-06-26 12:25:55 iptables is supported
Jun 26 12:25:56 H3 netclient[864]: [netclient] 2024-06-26 12:25:56 adding forwarding rule
Jun 26 12:25:56 H3 netclient[864]: completed pull for server dentest.clustercat.com
Jun 26 12:25:57 H3 netclient[864]: [netclient] 2024-06-26 12:25:57 adding addresses to netmaker interface
Jun 26 12:25:57 H3 netclient[864]: [netclient] 2024-06-26 12:25:57 initialized endpoint detection on port 51821
Jun 26 12:25:57 H3 netclient[864]: [netclient] 2024-06-26 12:25:57 initialized endpoint detection on port 51821
Jun 26 12:26:04 H3 netclient[864]: {"time":"2024-06-26T12:26:04.371006137Z","level":"ERROR","source":"mqhandlers.go 151}","msg":"error updating client to server's version","error":"specified version of netclient doesn't exist https://github.com/gravitl/netclient/releases/download/v0.24.3/netclient-linux-amd64"}
Jun 26 12:30:54 H3 netclient[864]: {"time":"2024-06-26T12:30:54.094632149Z","level":"ERROR","source":"mqhandlers.go 151}","msg":"error updating client to server's version","error":"specified version of netclient doesn't exist https://github.com/gravitl/netclient/releases/download/v0.24.3/netclient-linux-amd64"}
Jun 26 12:32:35 H3 netclient[864]: {"time":"2024-06-26T12:32:35.628119295Z","level":"ERROR","source":"mqhandlers.go 151}","msg":"error updating client to server's version","error":"specified version of netclient doesn't exist https://github.com/gravitl/netclient/releases/download/v0.24.3/netclient-linux-amd64"}
Jun 26 12:32:36 H3 netclient[864]: {"time":"2024-06-26T12:32:36.634169586Z","level":"ERROR","source":"mqhandlers.go 151}","msg":"error updating client to server's version","error":"specified version of netclient doesn't exist https://github.com/gravitl/netclient/releases/download/v0.24.3/netclient-linux-amd64"}
Jun 26 12:33:48 H3 systemd[1]: Stopping netclient.service - Netclient Daemon...
Jun 26 12:33:48 H3 netclient[864]: [netclient] 2024-06-26 12:33:48 checkin routine closed
Jun 26 12:33:48 H3 netclient[864]: [netclient] 2024-06-26 12:33:48 closed endpoint detection
Jun 26 12:33:48 H3 netclient[864]: [netclient] 2024-06-26 12:33:48 closed endpoint detection
Jun 26 12:33:49 H3 systemd[1]: netclient.service: Deactivated successfully.
Jun 26 12:33:49 H3 systemd[1]: Stopped netclient.service - Netclient Daemon.
-- Boot 8072ba9da8624235b16534f5d2bed6d6 --
Jun 26 12:34:59 H3 systemd[1]: Starting netclient.service - Netclient Daemon...
Jun 26 12:35:16 H3 systemd[1]: Started netclient.service - Netclient Daemon.
Jun 26 12:35:16 H3 netclient[867]: daemon called
Jun 26 12:35:16 H3 netclient[867]: [netclient] 2024-06-26 12:35:16 Starting firewall...
Jun 26 12:35:16 H3 netclient[867]: [netclient] 2024-06-26 12:35:16 iptables is supported
Jun 26 12:35:17 H3 netclient[867]: [netclient] 2024-06-26 12:35:17 adding forwarding rule
Jun 26 12:35:17 H3 netclient[867]: completed pull for server dentest.clustercat.com
Jun 26 12:35:17 H3 netclient[867]: [netclient] 2024-06-26 12:35:17 adding addresses to netmaker interface
Jun 26 12:35:17 H3 netclient[867]: [netclient] 2024-06-26 12:35:17 initialized endpoint detection on port 51821
Jun 26 12:35:17 H3 netclient[867]: [netclient] 2024-06-26 12:35:17 initialized endpoint detection on port 51821
Jun 26 12:35:41 H3 netclient[867]: {"time":"2024-06-26T12:35:41.698896163Z","level":"ERROR","source":"mqhandlers.go 151}","msg":"error updating client to server's version","error":"specified version of netclient doesn't exist https://github.com/gravitl/netclient/releases/download/v0.24.3/netclient-linux-amd64"}
Jun 26 12:35:42 H3 netclient[867]: {"time":"2024-06-26T12:35:42.708377136Z","level":"ERROR","source":"mqhandlers.go 151}","msg":"error updating client to server's version","error":"specified version of netclient doesn't exist https://github.com/gravitl/netclient/releases/download/v0.24.3/netclient-linux-amd64"}
Jun 26 12:35:43 H3 netclient[867]: {"time":"2024-06-26T12:35:43.051036355Z","level":"ERROR","source":"mqhandlers.go 151}","msg":"error updating client to server's version","error":"specified version of netclient doesn't exist https://github.com/gravitl/netclient/releases/download/v0.24.3/netclient-linux-amd64"}
Jun 26 12:35:53 H3 netclient[867]: {"time":"2024-06-26T12:35:53.242209055Z","level":"ERROR","source":"mqhandlers.go 151}","msg":"error updating client to server's version","error":"specified version of netclient doesn't exist https://github.com/gravitl/netclient/releases/download/v0.24.3/netclient-linux-amd64"}
Jun 26 12:35:53 H3 netclient[867]: {"time":"2024-06-26T12:35:53.583223809Z","level":"ERROR","source":"mqhandlers.go 151}","msg":"error updating client to server's version","error":"specified version of netclient doesn't exist https://github.com/gravitl/netclient/releases/download/v0.24.3/netclient-linux-amd64"}
Jun 26 12:37:02 H3 netclient[867]: [netclient] 2024-06-26 12:37:02 checkin routine closed
Jun 26 12:37:02 H3 netclient[867]: [netclient] 2024-06-26 12:37:02 closed endpoint detection
Jun 26 12:37:02 H3 netclient[867]: [netclient] 2024-06-26 12:37:02 closed endpoint detection
Jun 26 12:37:03 H3 netclient[867]: {"time":"2024-06-26T12:37:03.357517349Z","level":"ERROR","source":"daemon.go 219}","msg":"fail to pull config from server","error":"Post \"https://api.dentest.clustercat.com:443/api/hosts/adm/authenticate\": dial tcp [2604:a880:400:d0::17bf:2001]:443: connect: connection refused"}
Jun 26 12:37:03 H3 netclient[867]: [netclient] 2024-06-26 12:37:03 adding addresses to netmaker interface
Jun 26 12:37:03 H3 netclient[867]: [netclient] 2024-06-26 12:37:03 initialized endpoint detection on port 51821
Jun 26 12:37:03 H3 netclient[867]: [netclient] 2024-06-26 12:37:03 initialized endpoint detection on port 51821
Jun 26 12:37:33 H3 netclient[867]: [netclient] 2024-06-26 12:37:33 unable to connect to broker, retrying ...
Jun 26 12:37:33 H3 netclient[867]: [netclient] 2024-06-26 12:37:33 unable to connect to broker, retrying ...
Jun 26 12:37:33 H3 netclient[867]: [netclient] 2024-06-26 12:37:33 unable to connect to broker, retrying ...
Jun 26 12:37:33 H3 netclient[867]: {"time":"2024-06-26T12:37:33.38286977Z","level":"ERROR","source":"daemon.go 348}","msg":"unable to connect to broker","server":"wss://broker.dentest.clustercat.com","error":"status can only transition to connecting from disconnected"}
Jun 26 12:37:33 H3 netclient[867]: {"time":"2024-06-26T12:37:33.383035743Z","level":"ERROR","source":"daemon.go 285}","msg":"unable to connect to broker","server":"wss://broker.dentest.clustercat.com","error":"status can only transition to connecting from disconnected"}
Jun 26 12:37:36 H3 netclient[867]: {"time":"2024-06-26T12:37:36.534457607Z","level":"ERROR","source":"fail_over.go 108}","msg":"failed to get peer Info","error":"Post \"https://api.dentest.clustercat.com:443/api/hosts/adm/authenticate\": dial tcp [2604:a880:400:d0::17bf:2001]:443: connect: connection refused"}
Jun 26 12:37:36 H3 netclient[867]: {"time":"2024-06-26T12:37:36.728198349Z","level":"ERROR","source":"mqhandlers.go 522}","msg":"pull failed","error":"Post \"https://api.dentest.clustercat.com:443/api/hosts/adm/authenticate\": read tcp [2a03:b0c0:2:d0::17fe:5001]:36432->[2604:a880:400:d0::17bf:2001]:443: read: connection reset by peer"}
Jun 26 12:37:41 H3 netclient[867]: {"time":"2024-06-26T12:37:41.324853028Z","level":"ERROR","source":"mqhandlers.go 151}","msg":"error updating client to server's version","error":"specified version of netclient doesn't exist https://github.com/gravitl/netclient/releases/download/v0.24.3/netclient-linux-amd64"}
Jun 26 12:40:02 H3 netclient[867]: {"time":"2024-06-26T12:40:02.659232212Z","level":"ERROR","source":"mqhandlers.go 151}","msg":"error updating client to server's version","error":"specified version of netclient doesn't exist https://github.com/gravitl/netclient/releases/download/v0.24.3/netclient-linux-amd64"}
Jun 26 12:40:03 H3 netclient[867]: {"time":"2024-06-26T12:40:03.661759745Z","level":"ERROR","source":"mqhandlers.go 151}","msg":"error updating client to server's version","error":"specified version of netclient doesn't exist https://github.com/gravitl/netclient/releases/download/v0.24.3/netclient-linux-amd64"}
Jun 26 12:40:04 H3 netclient[867]: {"time":"2024-06-26T12:40:03.998924415Z","level":"ERROR","source":"mqhandlers.go 151}","msg":"error updating client to server's version","error":"specified version of netclient doesn't exist https://github.com/gravitl/netclient/releases/download/v0.24.3/netclient-linux-amd64"}
Jun 26 12:40:04 H3 netclient[867]: {"time":"2024-06-26T12:40:04.88101927Z","level":"ERROR","source":"mqhandlers.go 151}","msg":"error updating client to server's version","error":"specified version of netclient doesn't exist https://github.com/gravitl/netclient/releases/download/v0.24.3/netclient-linux-amd64"}
Jun 26 12:40:06 H3 netclient[867]: {"time":"2024-06-26T12:40:06.946809398Z","level":"ERROR","source":"mqhandlers.go 151}","msg":"error updating client to server's version","error":"specified version of netclient doesn't exist https://github.com/gravitl/netclient/releases/download/v0.24.3/netclient-linux-amd64"}
Jun 26 12:40:30 H3 netclient[867]: {"time":"2024-06-26T12:40:30.644892698Z","level":"ERROR","source":"mqhandlers.go 151}","msg":"error updating client to server's version","error":"specified version of netclient doesn't exist https://github.com/gravitl/netclient/releases/download/v0.24.3/netclient-linux-amd64"}
Jun 26 12:40:56 H3 netclient[867]: {"time":"2024-06-26T12:40:56.470924267Z","level":"ERROR","source":"mqhandlers.go 151}","msg":"error updating client to server's version","error":"specified version of netclient doesn't exist https://github.com/gravitl/netclient/releases/download/v0.24.3/netclient-linux-amd64"}
Jun 26 12:42:37 H3 netclient[867]: {"time":"2024-06-26T12:42:37.787747241Z","level":"ERROR","source":"mqhandlers.go 151}","msg":"error updating client to server's version","error":"specified version of netclient doesn't exist https://github.com/gravitl/netclient/releases/download/v0.24.3/netclient-linux-amd64"}
Jun 26 12:46:39 H3 netclient[867]: {"time":"2024-06-26T12:46:39.606261914Z","level":"ERROR","source":"mqhandlers.go 151}","msg":"error updating client to server's version","error":"specified version of netclient doesn't exist https://github.com/gravitl/netclient/releases/download/v0.24.3/netclient-linux-amd64"}
Jun 26 12:47:37 H3 netclient[867]: {"time":"2024-06-26T12:47:37.643741711Z","level":"ERROR","source":"mqhandlers.go 151}","msg":"error updating client to server's version","error":"specified version of netclient doesn't exist https://github.com/gravitl/netclient/releases/download/v0.24.3/netclient-linux-amd64"}
Jun 26 12:47:39 H3 netclient[867]: {"time":"2024-06-26T12:47:39.011116288Z","level":"ERROR","source":"mqhandlers.go 151}","msg":"error updating client to server's version","error":"specified version of netclient doesn't exist https://github.com/gravitl/netclient/releases/download/v0.24.3/netclient-linux-amd64"}
Jun 26 12:47:40 H3 netclient[867]: {"time":"2024-06-26T12:47:40.686413196Z","level":"ERROR","source":"mqhandlers.go 151}","msg":"error updating client to server's version","error":"specified version of netclient doesn't exist https://github.com/gravitl/netclient/releases/download/v0.24.3/netclient-linux-amd64"}
Jun 26 12:48:28 H3 netclient[867]: {"time":"2024-06-26T12:48:28.609817921Z","level":"ERROR","source":"mqhandlers.go 151}","msg":"error updating client to server's version","error":"specified version of netclient doesn't exist https://github.com/gravitl/netclient/releases/download/v0.24.3/netclient-linux-amd64"}
Jun 26 12:49:15 H3 netclient[867]: {"time":"2024-06-26T12:49:15.723692794Z","level":"ERROR","source":"mqhandlers.go 151}","msg":"error updating client to server's version","error":"specified version of netclient doesn't exist https://github.com/gravitl/netclient/releases/download/v0.24.3/netclient-linux-amd64"}
Jun 26 12:49:16 H3 netclient[867]: {"time":"2024-06-26T12:49:16.719016191Z","level":"ERROR","source":"mqhandlers.go 151}","msg":"error updating client to server's version","error":"specified version of netclient doesn't exist https://github.com/gravitl/netclient/releases/download/v0.24.3/netclient-linux-amd64"}
Jun 26 12:49:33 H3 netclient[867]: {"time":"2024-06-26T12:49:33.946133145Z","level":"ERROR","source":"mqhandlers.go 151}","msg":"error updating client to server's version","error":"specified version of netclient doesn't exist https://github.com/gravitl/netclient/releases/download/v0.24.3/netclient-linux-amd64"}
Jun 26 12:49:46 H3 netclient[867]: {"time":"2024-06-26T12:49:46.095448072Z","level":"ERROR","source":"mqhandlers.go 151}","msg":"error updating client to server's version","error":"specified version of netclient doesn't exist https://github.com/gravitl/netclient/releases/download/v0.24.3/netclient-linux-amd64"}
Jun 26 12:49:52 H3 netclient[867]: {"time":"2024-06-26T12:49:52.441412339Z","level":"ERROR","source":"mqhandlers.go 151}","msg":"error updating client to server's version","error":"specified version of netclient doesn't exist https://github.com/gravitl/netclient/releases/download/v0.24.3/netclient-linux-amd64"}
Jun 26 12:50:10 H3 netclient[867]: {"time":"2024-06-26T12:50:10.967363354Z","level":"ERROR","source":"mqhandlers.go 151}","msg":"error updating client to server's version","error":"specified version of netclient doesn't exist https://github.com/gravitl/netclient/releases/download/v0.24.3/netclient-linux-amd64"}
Jun 26 12:50:11 H3 netclient[867]: {"time":"2024-06-26T12:50:11.642281096Z","level":"ERROR","source":"mqhandlers.go 151}","msg":"error updating client to server's version","error":"specified version of netclient doesn't exist https://github.com/gravitl/netclient/releases/download/v0.24.3/netclient-linux-amd64"}
Jun 26 12:52:37 H3 netclient[867]: {"time":"2024-06-26T12:52:37.894193717Z","level":"ERROR","source":"mqhandlers.go 151}","msg":"error updating client to server's version","error":"specified version of netclient doesn't exist https://github.com/gravitl/netclient/releases/download/v0.24.3/netclient-linux-amd64"}
Jun 26 12:57:37 H3 netclient[867]: {"time":"2024-06-26T12:57:37.937922238Z","level":"ERROR","source":"mqhandlers.go 151}","msg":"error updating client to server's version","error":"specified version of netclient doesn't exist https://github.com/gravitl/netclient/releases/download/v0.24.3/netclient-linux-amd64"}
Jun 26 13:02:38 H3 netclient[867]: {"time":"2024-06-26T13:02:38.012424465Z","level":"ERROR","source":"mqhandlers.go 151}","msg":"error updating client to server's version","error":"specified version of netclient doesn't exist https://github.com/gravitl/netclient/releases/download/v0.24.3/netclient-linux-amd64"}
Jun 26 13:07:38 H3 netclient[867]: {"time":"2024-06-26T13:07:38.05950378Z","level":"ERROR","source":"mqhandlers.go 151}","msg":"error updating client to server's version","error":"specified version of netclient doesn't exist https://github.com/gravitl/netclient/releases/download/v0.24.3/netclient-linux-amd64"}
Jun 26 13:12:38 H3 netclient[867]: {"time":"2024-06-26T13:12:38.181695285Z","level":"ERROR","source":"mqhandlers.go 151}","msg":"error updating client to server's version","error":"specified version of netclient doesn't exist https://github.com/gravitl/netclient/releases/download/v0.24.3/netclient-linux-amd64"}
Jun 26 13:17:38 H3 netclient[867]: {"time":"2024-06-26T13:17:38.19529752Z","level":"ERROR","source":"mqhandlers.go 151}","msg":"error updating client to server's version","error":"specified version of netclient doesn't exist https://github.com/gravitl/netclient/releases/download/v0.24.3/netclient-linux-amd64"}
Jun 26 13:22:38 H3 netclient[867]: {"time":"2024-06-26T13:22:38.2634384Z","level":"ERROR","source":"mqhandlers.go 151}","msg":"error updating client to server's version","error":"specified version of netclient doesn't exist https://github.com/gravitl/netclient/releases/download/v0.24.3/netclient-linux-amd64"}
Jun 26 13:27:38 H3 netclient[867]: {"time":"2024-06-26T13:27:38.303427371Z","level":"ERROR","source":"mqhandlers.go 151}","msg":"error updating client to server's version","error":"specified version of netclient doesn't exist https://github.com/gravitl/netclient/releases/download/v0.24.3/netclient-linux-amd64"}
Jun 26 13:32:38 H3 netclient[867]: {"time":"2024-06-26T13:32:38.396462473Z","level":"ERROR","source":"mqhandlers.go 151}","msg":"error updating client to server's version","error":"specified version of netclient doesn't exist https://github.com/gravitl/netclient/releases/download/v0.24.3/netclient-linux-amd64"}
Jun 26 13:37:38 H3 netclient[867]: {"time":"2024-06-26T13:37:38.431873233Z","level":"ERROR","source":"mqhandlers.go 151}","msg":"error updating client to server's version","error":"specified version of netclient doesn't exist https://github.com/gravitl/netclient/releases/download/v0.24.3/netclient-linux-amd64"}
Jun 26 13:42:38 H3 netclient[867]: {"time":"2024-06-26T13:42:38.517513505Z","level":"ERROR","source":"mqhandlers.go 151}","msg":"error updating client to server's version","error":"specified version of netclient doesn't exist https://github.com/gravitl/netclient/releases/download/v0.24.3/netclient-linux-amd64"}
Jun 26 13:47:38 H3 netclient[867]: {"time":"2024-06-26T13:47:38.561928868Z","level":"ERROR","source":"mqhandlers.go 151}","msg":"error updating client to server's version","error":"specified version of netclient doesn't exist https://github.com/gravitl/netclient/releases/download/v0.24.3/netclient-linux-amd64"}
Jun 26 13:52:38 H3 netclient[867]: {"time":"2024-06-26T13:52:38.66116061Z","level":"ERROR","source":"mqhandlers.go 151}","msg":"error updating client to server's version","error":"specified version of netclient doesn't exist https://github.com/gravitl/netclient/releases/download/v0.24.3/netclient-linux-amd64"}
Jun 26 13:57:38 H3 netclient[867]: {"time":"2024-06-26T13:57:38.69758188Z","level":"ERROR","source":"mqhandlers.go 151}","msg":"error updating client to server's version","error":"specified version of netclient doesn't exist https://github.com/gravitl/netclient/releases/download/v0.24.3/netclient-linux-amd64"}
Jun 26 14:02:38 H3 netclient[867]: {"time":"2024-06-26T14:02:38.787306732Z","level":"ERROR","source":"mqhandlers.go 151}","msg":"error updating client to server's version","error":"specified version of netclient doesn't exist https://github.com/gravitl/netclient/releases/download/v0.24.3/netclient-linux-amd64"}
Jun 26 14:07:38 H3 netclient[867]: {"time":"2024-06-26T14:07:38.875694776Z","level":"ERROR","source":"mqhandlers.go 151}","msg":"error updating client to server's version","error":"specified version of netclient doesn't exist https://github.com/gravitl/netclient/releases/download/v0.24.3/netclient-linux-amd64"}
Jun 26 14:12:38 H3 netclient[867]: {"time":"2024-06-26T14:12:38.911445405Z","level":"ERROR","source":"mqhandlers.go 151}","msg":"error updating client to server's version","error":"specified version of netclient doesn't exist https://github.com/gravitl/netclient/releases/download/v0.24.3/netclient-linux-amd64"}
Jun 26 14:17:38 H3 netclient[867]: {"time":"2024-06-26T14:17:38.977973079Z","level":"ERROR","source":"mqhandlers.go 151}","msg":"error updating client to server's version","error":"specified version of netclient doesn't exist https://github.com/gravitl/netclient/releases/download/v0.24.3/netclient-linux-amd64"}
Jun 26 14:22:39 H3 netclient[867]: {"time":"2024-06-26T14:22:39.048881245Z","level":"ERROR","source":"mqhandlers.go 151}","msg":"error updating client to server's version","error":"specified version of netclient doesn't exist https://github.com/gravitl/netclient/releases/download/v0.24.3/netclient-linux-amd64"}
Jun 26 14:27:39 H3 netclient[867]: {"time":"2024-06-26T14:27:39.121038701Z","level":"ERROR","source":"mqhandlers.go 151}","msg":"error updating client to server's version","error":"specified version of netclient doesn't exist https://github.com/gravitl/netclient/releases/download/v0.24.3/netclient-linux-amd64"}
Jun 26 14:32:39 H3 netclient[867]: {"time":"2024-06-26T14:32:39.199208542Z","level":"ERROR","source":"mqhandlers.go 151}","msg":"error updating client to server's version","error":"specified version of netclient doesn't exist https://github.com/gravitl/netclient/releases/download/v0.24.3/netclient-linux-amd64"}
Jun 26 14:37:39 H3 netclient[867]: {"time":"2024-06-26T14:37:39.274649476Z","level":"ERROR","source":"mqhandlers.go 151}","msg":"error updating client to server's version","error":"specified version of netclient doesn't exist https://github.com/gravitl/netclient/releases/download/v0.24.3/netclient-linux-amd64"}
Jun 26 14:42:39 H3 netclient[867]: {"time":"2024-06-26T14:42:39.299614487Z","level":"ERROR","source":"mqhandlers.go 151}","msg":"error updating client to server's version","error":"specified version of netclient doesn't exist https://github.com/gravitl/netclient/releases/download/v0.24.3/netclient-linux-amd64"}
Jun 26 14:47:39 H3 netclient[867]: {"time":"2024-06-26T14:47:39.383173104Z","level":"ERROR","source":"mqhandlers.go 151}","msg":"error updating client to server's version","error":"specified version of netclient doesn't exist https://github.com/gravitl/netclient/releases/download/v0.24.3/netclient-linux-amd64"}
Jun 26 14:52:39 H3 netclient[867]: {"time":"2024-06-26T14:52:39.428200963Z","level":"ERROR","source":"mqhandlers.go 151}","msg":"error updating client to server's version","error":"specified version of netclient doesn't exist https://github.com/gravitl/netclient/releases/download/v0.24.3/netclient-linux-amd64"}
Jun 26 14:56:26 H3 netclient[867]: {"time":"2024-06-26T14:56:26.876363915Z","level":"ERROR","source":"mqhandlers.go 151}","msg":"error updating client to server's version","error":"specified version of netclient doesn't exist https://github.com/gravitl/netclient/releases/download/v0.24.3/netclient-linux-amd64"}
Jun 26 14:56:27 H3 netclient[867]: {"time":"2024-06-26T14:56:27.873924702Z","level":"ERROR","source":"mqhandlers.go 151}","msg":"error updating client to server's version","error":"specified version of netclient doesn't exist https://github.com/gravitl/netclient/releases/download/v0.24.3/netclient-linux-amd64"}
Jun 26 14:56:34 H3 netclient[867]: {"time":"2024-06-26T14:56:34.000579304Z","level":"ERROR","source":"mqhandlers.go 151}","msg":"error updating client to server's version","error":"specified version of netclient doesn't exist https://github.com/gravitl/netclient/releases/download/v0.24.3/netclient-linux-amd64"}
Jun 26 14:56:34 H3 netclient[867]: {"time":"2024-06-26T14:56:34.338919936Z","level":"ERROR","source":"mqhandlers.go 151}","msg":"error updating client to server's version","error":"specified version of netclient doesn't exist https://github.com/gravitl/netclient/releases/download/v0.24.3/netclient-linux-amd64"}
Jun 26 14:56:38 H3 netclient[867]: {"time":"2024-06-26T14:56:38.598458164Z","level":"ERROR","source":"mqhandlers.go 151}","msg":"error updating client to server's version","error":"specified version of netclient doesn't exist https://github.com/gravitl/netclient/releases/download/v0.24.3/netclient-linux-amd64"}
Jun 26 14:56:38 H3 netclient[867]: {"time":"2024-06-26T14:56:38.936067628Z","level":"ERROR","source":"mqhandlers.go 151}","msg":"error updating client to server's version","error":"specified version of netclient doesn't exist https://github.com/gravitl/netclient/releases/download/v0.24.3/netclient-linux-amd64"}
Jun 26 14:56:46 H3 netclient[867]: {"time":"2024-06-26T14:56:46.392628664Z","level":"ERROR","source":"mqhandlers.go 151}","msg":"error updating client to server's version","error":"specified version of netclient doesn't exist https://github.com/gravitl/netclient/releases/download/v0.24.3/netclient-linux-amd64"}
Jun 26 14:56:46 H3 netclient[867]: {"time":"2024-06-26T14:56:46.734554017Z","level":"ERROR","source":"mqhandlers.go 151}","msg":"error updating client to server's version","error":"specified version of netclient doesn't exist https://github.com/gravitl/netclient/releases/download/v0.24.3/netclient-linux-amd64"}
Jun 26 14:57:39 H3 netclient[867]: {"time":"2024-06-26T14:57:39.476440062Z","level":"ERROR","source":"mqhandlers.go 151}","msg":"error updating client to server's version","error":"specified version of netclient doesn't exist https://github.com/gravitl/netclient/releases/download/v0.24.3/netclient-linux-amd64"}
Jun 26 14:59:46 H3 netclient[867]: {"time":"2024-06-26T14:59:46.205215831Z","level":"ERROR","source":"mqhandlers.go 151}","msg":"error updating client to server's version","error":"specified version of netclient doesn't exist https://github.com/gravitl/netclient/releases/download/v0.24.3/netclient-linux-amd64"}
Jun 26 14:59:48 H3 netclient[867]: {"time":"2024-06-26T14:59:48.88570702Z","level":"ERROR","source":"mqhandlers.go 151}","msg":"error updating client to server's version","error":"specified version of netclient doesn't exist https://github.com/gravitl/netclient/releases/download/v0.24.3/netclient-linux-amd64"}
Jun 26 14:59:55 H3 netclient[867]: {"time":"2024-06-26T14:59:55.91908165Z","level":"ERROR","source":"mqhandlers.go 151}","msg":"error updating client to server's version","error":"specified version of netclient doesn't exist https://github.com/gravitl/netclient/releases/download/v0.24.3/netclient-linux-amd64"}
Jun 26 15:06:43 H3 netclient[867]: [netclient] 2024-06-26 15:06:43 checkin routine closed
Jun 26 15:06:43 H3 netclient[867]: [netclient] 2024-06-26 15:06:43 closed endpoint detection
Jun 26 15:06:43 H3 netclient[867]: [netclient] 2024-06-26 15:06:43 closed endpoint detection
Jun 26 15:06:43 H3 netclient[867]: completed pull for server dentest.clustercat.com
Jun 26 15:06:43 H3 netclient[867]: [netclient] 2024-06-26 15:06:43 adding addresses to netmaker interface
Jun 26 15:06:43 H3 netclient[867]: [netclient] 2024-06-26 15:06:43 initialized endpoint detection on port 51821
Jun 26 15:06:43 H3 netclient[867]: [netclient] 2024-06-26 15:06:43 initialized endpoint detection on port 51821
Jun 26 15:11:16 H3 netclient[867]: [netclient] 2024-06-26 15:11:16 checkin routine closed
Jun 26 15:11:16 H3 netclient[867]: [netclient] 2024-06-26 15:11:16 closed endpoint detection
Jun 26 15:11:16 H3 netclient[867]: [netclient] 2024-06-26 15:11:16 closed endpoint detection
Jun 26 15:11:16 H3 netclient[867]: {"time":"2024-06-26T15:11:16.232120412Z","level":"ERROR","source":"daemon.go 219}","msg":"fail to pull config from server","error":"server config not found"}
Jun 26 15:11:16 H3 netclient[867]: [netclient] 2024-06-26 15:11:16 adding addresses to netmaker interface
Jun 26 15:12:59 H3 netclient[867]: completed pull for server dentest.clustercat.com
Jun 26 15:12:59 H3 netclient[867]: [netclient] 2024-06-26 15:12:59 adding addresses to netmaker interface
Jun 26 15:12:59 H3 netclient[867]: [netclient] 2024-06-26 15:12:59 initialized endpoint detection on port 51821
Jun 26 15:12:59 H3 netclient[867]: [netclient] 2024-06-26 15:12:59 initialized endpoint detection on port 51821
Jun 26 15:13:00 H3 netclient[867]: [netclient] 2024-06-26 15:13:00 adding addresses to netmaker interface
Jun 26 15:16:55 H3 netclient[867]: {"time":"2024-06-26T15:16:55.540409716Z","level":"ERROR","source":"mqhandlers.go 151}","msg":"error updating client to server's version","error":"Get \"https://github.com/gravitl/netclient/releases/download/v0.24.3/netclient-linux-amd64\": read tcp 10.10.10.4:38294->140.82.121.3:443: read: network is unreachable"}
Jun 26 15:16:55 H3 netclient[867]: {"time":"2024-06-26T15:16:55.744919683Z","level":"ERROR","source":"mqhandlers.go 151}","msg":"error updating client to server's version","error":"specified version of netclient doesn't exist https://github.com/gravitl/netclient/releases/download/v0.24.3/netclient-linux-amd64"}
Jun 26 15:16:55 H3 netclient[867]: {"time":"2024-06-26T15:16:55.765383243Z","level":"ERROR","source":"mqhandlers.go 151}","msg":"error updating client to server's version","error":"specified version of netclient doesn't exist https://github.com/gravitl/netclient/releases/download/v0.24.3/netclient-linux-amd64"}
Jun 26 15:16:55 H3 netclient[867]: {"time":"2024-06-26T15:16:55.774022683Z","level":"ERROR","source":"mqhandlers.go 151}","msg":"error updating client to server's version","error":"specified version of netclient doesn't exist https://github.com/gravitl/netclient/releases/download/v0.24.3/netclient-linux-amd64"}
Jun 26 15:16:55 H3 netclient[867]: {"time":"2024-06-26T15:16:55.78497085Z","level":"ERROR","source":"mqhandlers.go 151}","msg":"error updating client to server's version","error":"specified version of netclient doesn't exist https://github.com/gravitl/netclient/releases/download/v0.24.3/netclient-linux-amd64"}
Jun 26 15:16:55 H3 netclient[867]: {"time":"2024-06-26T15:16:55.797192967Z","level":"ERROR","source":"mqhandlers.go 151}","msg":"error updating client to server's version","error":"specified version of netclient doesn't exist https://github.com/gravitl/netclient/releases/download/v0.24.3/netclient-linux-amd64"}
Jun 26 15:16:55 H3 netclient[867]: {"time":"2024-06-26T15:16:55.810885006Z","level":"ERROR","source":"mqhandlers.go 151}","msg":"error updating client to server's version","error":"specified version of netclient doesn't exist https://github.com/gravitl/netclient/releases/download/v0.24.3/netclient-linux-amd64"}
Jun 26 15:16:55 H3 netclient[867]: {"time":"2024-06-26T15:16:55.820501566Z","level":"ERROR","source":"mqhandlers.go 151}","msg":"error updating client to server's version","error":"specified version of netclient doesn't exist https://github.com/gravitl/netclient/releases/download/v0.24.3/netclient-linux-amd64"}
Jun 26 15:16:55 H3 netclient[867]: {"time":"2024-06-26T15:16:55.831041874Z","level":"ERROR","source":"mqhandlers.go 151}","msg":"error updating client to server's version","error":"specified version of netclient doesn't exist https://github.com/gravitl/netclient/releases/download/v0.24.3/netclient-linux-amd64"}
Jun 26 15:16:55 H3 netclient[867]: {"time":"2024-06-26T15:16:55.841747895Z","level":"ERROR","source":"mqhandlers.go 151}","msg":"error updating client to server's version","error":"specified version of netclient doesn't exist https://github.com/gravitl/netclient/releases/download/v0.24.3/netclient-linux-amd64"}
Jun 26 15:16:55 H3 netclient[867]: {"time":"2024-06-26T15:16:55.850818312Z","level":"ERROR","source":"mqhandlers.go 151}","msg":"error updating client to server's version","error":"specified version of netclient doesn't exist https://github.com/gravitl/netclient/releases/download/v0.24.3/netclient-linux-amd64"}
Jun 26 15:16:55 H3 netclient[867]: {"time":"2024-06-26T15:16:55.859959075Z","level":"ERROR","source":"mqhandlers.go 151}","msg":"error updating client to server's version","error":"specified version of netclient doesn't exist https://github.com/gravitl/netclient/releases/download/v0.24.3/netclient-linux-amd64"}
Jun 26 15:16:55 H3 netclient[867]: {"time":"2024-06-26T15:16:55.870347701Z","level":"ERROR","source":"mqhandlers.go 151}","msg":"error updating client to server's version","error":"specified version of netclient doesn't exist https://github.com/gravitl/netclient/releases/download/v0.24.3/netclient-linux-amd64"}
Jun 26 15:16:55 H3 netclient[867]: {"time":"2024-06-26T15:16:55.882791965Z","level":"ERROR","source":"mqhandlers.go 151}","msg":"error updating client to server's version","error":"specified version of netclient doesn't exist https://github.com/gravitl/netclient/releases/download/v0.24.3/netclient-linux-amd64"}
Jun 26 15:16:55 H3 netclient[867]: {"time":"2024-06-26T15:16:55.892599313Z","level":"ERROR","source":"mqhandlers.go 151}","msg":"error updating client to server's version","error":"specified version of netclient doesn't exist https://github.com/gravitl/netclient/releases/download/v0.24.3/netclient-linux-amd64"}
Jun 26 15:16:55 H3 netclient[867]: {"time":"2024-06-26T15:16:55.901308016Z","level":"ERROR","source":"mqhandlers.go 151}","msg":"error updating client to server's version","error":"specified version of netclient doesn't exist https://github.com/gravitl/netclient/releases/download/v0.24.3/netclient-linux-amd64"}
Jun 26 15:16:55 H3 netclient[867]: {"time":"2024-06-26T15:16:55.912120596Z","level":"ERROR","source":"mqhandlers.go 151}","msg":"error updating client to server's version","error":"specified version of netclient doesn't exist https://github.com/gravitl/netclient/releases/download/v0.24.3/netclient-linux-amd64"}
Jun 26 15:16:55 H3 netclient[867]: {"time":"2024-06-26T15:16:55.922486167Z","level":"ERROR","source":"mqhandlers.go 151}","msg":"error updating client to server's version","error":"specified version of netclient doesn't exist https://github.com/gravitl/netclient/releases/download/v0.24.3/netclient-linux-amd64"}
Jun 26 15:16:55 H3 netclient[867]: {"time":"2024-06-26T15:16:55.936505562Z","level":"ERROR","source":"mqhandlers.go 151}","msg":"error updating client to server's version","error":"specified version of netclient doesn't exist https://github.com/gravitl/netclient/releases/download/v0.24.3/netclient-linux-amd64"}
Jun 26 15:16:55 H3 netclient[867]: {"time":"2024-06-26T15:16:55.946315428Z","level":"ERROR","source":"mqhandlers.go 151}","msg":"error updating client to server's version","error":"specified version of netclient doesn't exist https://github.com/gravitl/netclient/releases/download/v0.24.3/netclient-linux-amd64"}
Jun 26 15:16:55 H3 netclient[867]: {"time":"2024-06-26T15:16:55.955460907Z","level":"ERROR","source":"mqhandlers.go 151}","msg":"error updating client to server's version","error":"specified version of netclient doesn't exist https://github.com/gravitl/netclient/releases/download/v0.24.3/netclient-linux-amd64"}
Jun 26 15:16:55 H3 netclient[867]: {"time":"2024-06-26T15:16:55.964786168Z","level":"ERROR","source":"mqhandlers.go 151}","msg":"error updating client to server's version","error":"specified version of netclient doesn't exist https://github.com/gravitl/netclient/releases/download/v0.24.3/netclient-linux-amd64"}
Jun 26 15:16:55 H3 netclient[867]: {"time":"2024-06-26T15:16:55.976781216Z","level":"ERROR","source":"mqhandlers.go 151}","msg":"error updating client to server's version","error":"specified version of netclient doesn't exist https://github.com/gravitl/netclient/releases/download/v0.24.3/netclient-linux-amd64"}
Jun 26 15:16:55 H3 netclient[867]: {"time":"2024-06-26T15:16:55.989355108Z","level":"ERROR","source":"mqhandlers.go 151}","msg":"error updating client to server's version","error":"specified version of netclient doesn't exist https://github.com/gravitl/netclient/releases/download/v0.24.3/netclient-linux-amd64"}
Jun 26 15:16:56 H3 netclient[867]: {"time":"2024-06-26T15:16:56.00507231Z","level":"ERROR","source":"mqhandlers.go 151}","msg":"error updating client to server's version","error":"specified version of netclient doesn't exist https://github.com/gravitl/netclient/releases/download/v0.24.3/netclient-linux-amd64"}
Jun 26 15:16:56 H3 netclient[867]: {"time":"2024-06-26T15:16:56.018585534Z","level":"ERROR","source":"mqhandlers.go 151}","msg":"error updating client to server's version","error":"specified version of netclient doesn't exist https://github.com/gravitl/netclient/releases/download/v0.24.3/netclient-linux-amd64"}
Jun 26 15:16:56 H3 netclient[867]: {"time":"2024-06-26T15:16:56.032374671Z","level":"ERROR","source":"mqhandlers.go 151}","msg":"error updating client to server's version","error":"specified version of netclient doesn't exist https://github.com/gravitl/netclient/releases/download/v0.24.3/netclient-linux-amd64"}
Jun 26 15:17:38 H3 netclient[867]: {"time":"2024-06-26T15:17:38.579465818Z","level":"ERROR","source":"mqhandlers.go 151}","msg":"error updating client to server's version","error":"specified version of netclient doesn't exist https://github.com/gravitl/netclient/releases/download/v0.24.3/netclient-linux-amd64"}
Jun 26 15:22:08 H3 netclient[867]: {"time":"2024-06-26T15:22:08.529629739Z","level":"ERROR","source":"mqhandlers.go 151}","msg":"error updating client to server's version","error":"specified version of netclient doesn't exist https://github.com/gravitl/netclient/releases/download/v0.24.3/netclient-linux-amd64"}
Jun 26 15:22:08 H3 netclient[867]: {"time":"2024-06-26T15:22:08.55682859Z","level":"ERROR","source":"mqhandlers.go 151}","msg":"error updating client to server's version","error":"specified version of netclient doesn't exist https://github.com/gravitl/netclient/releases/download/v0.24.3/netclient-linux-amd64"}
Jun 26 15:22:38 H3 netclient[867]: {"time":"2024-06-26T15:22:38.649707592Z","level":"ERROR","source":"mqhandlers.go 151}","msg":"error updating client to server's version","error":"specified version of netclient doesn't exist https://github.com/gravitl/netclient/releases/download/v0.24.3/netclient-linux-amd64"}
Jun 26 15:27:38 H3 netclient[867]: {"time":"2024-06-26T15:27:38.838219617Z","level":"ERROR","source":"mqhandlers.go 151}","msg":"error updating client to server's version","error":"specified version of netclient doesn't exist https://github.com/gravitl/netclient/releases/download/v0.24.3/netclient-linux-amd64"}
Jun 26 15:32:38 H3 netclient[867]: {"time":"2024-06-26T15:32:38.872716883Z","level":"ERROR","source":"mqhandlers.go 151}","msg":"error updating client to server's version","error":"specified version of netclient doesn't exist https://github.com/gravitl/netclient/releases/download/v0.24.3/netclient-linux-amd64"}
Jun 26 15:33:43 H3 netclient[867]: [netclient] 2024-06-26 15:33:43 checkin routine closed
Jun 26 15:33:43 H3 netclient[867]: [netclient] 2024-06-26 15:33:43 closed endpoint detection
Jun 26 15:33:43 H3 netclient[867]: [netclient] 2024-06-26 15:33:43 closed endpoint detection
Jun 26 15:33:44 H3 netclient[867]: {"time":"2024-06-26T15:33:44.421651597Z","level":"ERROR","source":"daemon.go 219}","msg":"fail to pull config from server","error":"Post \"https://api.dentest.clustercat.com:443/api/hosts/adm/authenticate\": dial tcp [2604:a880:400:d0::17bf:2001]:443: connect: connection refused"}
Jun 26 15:33:44 H3 netclient[867]: [netclient] 2024-06-26 15:33:44 adding addresses to netmaker interface
Jun 26 15:33:44 H3 netclient[867]: [netclient] 2024-06-26 15:33:44 initialized endpoint detection on port 51821
Jun 26 15:33:44 H3 netclient[867]: [netclient] 2024-06-26 15:33:44 initialized endpoint detection on port 51821
Jun 26 15:34:14 H3 netclient[867]: [netclient] 2024-06-26 15:34:14 unable to connect to broker, retrying ...
Jun 26 15:34:14 H3 netclient[867]: [netclient] 2024-06-26 15:34:14 unable to connect to broker, retrying ...
Jun 26 15:34:14 H3 netclient[867]: [netclient] 2024-06-26 15:34:14 unable to connect to broker, retrying ...
Jun 26 15:34:14 H3 netclient[867]: {"time":"2024-06-26T15:34:14.435458656Z","level":"ERROR","source":"daemon.go 348}","msg":"unable to connect to broker","server":"wss://broker.dentest.clustercat.com","error":"status can only transition to connecting from disconnected"}
Jun 26 15:34:14 H3 netclient[867]: {"time":"2024-06-26T15:34:14.435517041Z","level":"ERROR","source":"daemon.go 285}","msg":"unable to connect to broker","server":"wss://broker.dentest.clustercat.com","error":"status can only transition to connecting from disconnected"}
Jun 26 15:34:14 H3 netclient[867]: {"time":"2024-06-26T15:34:14.638304857Z","level":"ERROR","source":"fail_over.go 108}","msg":"failed to get peer Info","error":"Post \"https://api.dentest.clustercat.com:443/api/hosts/adm/authenticate\": dial tcp [2604:a880:400:d0::17bf:2001]:443: connect: connection refused"}
Jun 26 15:34:14 H3 netclient[867]: {"time":"2024-06-26T15:34:14.797928223Z","level":"ERROR","source":"mqhandlers.go 522}","msg":"pull failed","error":"Post \"https://api.dentest.clustercat.com:443/api/hosts/adm/authenticate\": dial tcp [2604:a880:400:d0::17bf:2001]:443: connect: connection refused"}
Jun 26 15:34:24 H3 netclient[867]: {"time":"2024-06-26T15:34:24.77794234Z","level":"ERROR","source":"mqhandlers.go 151}","msg":"error updating client to server's version","error":"specified version of netclient doesn't exist https://github.com/gravitl/netclient/releases/download/v0.24.3/netclient-linux-amd64"}
Jun 26 15:35:01 H3 netclient[867]: [netclient] 2024-06-26 15:35:01 checkin routine closed
Jun 26 15:35:01 H3 netclient[867]: [netclient] 2024-06-26 15:35:01 closed endpoint detection
Jun 26 15:35:01 H3 netclient[867]: [netclient] 2024-06-26 15:35:01 closed endpoint detection
Jun 26 15:35:01 H3 netclient[867]: {"time":"2024-06-26T15:35:01.84677357Z","level":"ERROR","source":"daemon.go 219}","msg":"fail to pull config from server","error":"Post \"https://api.dentest.clustercat.com:443/api/hosts/adm/authenticate\": dial tcp [2604:a880:400:d0::17bf:2001]:443: connect: connection refused"}
Jun 26 15:35:01 H3 netclient[867]: [netclient] 2024-06-26 15:35:01 adding addresses to netmaker interface
Jun 26 15:35:01 H3 netclient[867]: [netclient] 2024-06-26 15:35:01 initialized endpoint detection on port 51821
Jun 26 15:35:01 H3 netclient[867]: [netclient] 2024-06-26 15:35:01 initialized endpoint detection on port 51821
Jun 26 15:35:08 H3 netclient[867]: [netclient] 2024-06-26 15:35:08 error occurred during publishing of metrics on node H3 cannot publish ... Mqclient not connected
Jun 26 15:35:31 H3 netclient[867]: [netclient] 2024-06-26 15:35:31 unable to connect to broker, retrying ...
Jun 26 15:35:31 H3 netclient[867]: [netclient] 2024-06-26 15:35:31 unable to connect to broker, retrying ...
Jun 26 15:35:31 H3 netclient[867]: [netclient] 2024-06-26 15:35:31 unable to connect to broker, retrying ...
Jun 26 15:35:31 H3 netclient[867]: {"time":"2024-06-26T15:35:31.876780384Z","level":"ERROR","source":"daemon.go 348}","msg":"unable to connect to broker","server":"wss://broker.dentest.clustercat.com","error":"status can only transition to connecting from disconnected"}
Jun 26 15:35:31 H3 netclient[867]: {"time":"2024-06-26T15:35:31.87685014Z","level":"ERROR","source":"daemon.go 285}","msg":"unable to connect to broker","server":"wss://broker.dentest.clustercat.com","error":"status can only transition to connecting from disconnected"}
Jun 26 15:35:42 H3 netclient[867]: [netclient] 2024-06-26 15:35:42 closed endpoint detection
Jun 26 15:35:42 H3 netclient[867]: [netclient] 2024-06-26 15:35:42 closed endpoint detection
Jun 26 15:35:42 H3 netclient[867]: [netclient] 2024-06-26 15:35:42 checkin routine closed
Jun 26 15:35:42 H3 systemd[1]: Stopping netclient.service - Netclient Daemon...
Jun 26 15:36:01 H3 netclient[867]: {"time":"2024-06-26T15:36:01.880395995Z","level":"ERROR","source":"fail_over.go 108}","msg":"failed to get peer Info","error":"Post \"https://api.dentest.clustercat.com:443/api/hosts/adm/authenticate\": context deadline exceeded (Client.Timeout exceeded while awaiting headers)"}
Jun 26 15:36:31 H3 netclient[867]: {"time":"2024-06-26T15:36:31.878502008Z","level":"ERROR","source":"mqhandlers.go 522}","msg":"pull failed","error":"Post \"https://api.dentest.clustercat.com:443/api/hosts/adm/authenticate\": dial tcp [2604:a880:400:d0::17bf:2001]:443: i/o timeout (Client.Timeout exceeded while awaiting headers)"}
Jun 26 15:36:31 H3 systemd[1]: netclient.service: Deactivated successfully.
Jun 26 15:36:31 H3 systemd[1]: Stopped netclient.service - Netclient Daemon.
Jun 26 15:36:31 H3 systemd[1]: netclient.service: Consumed 7.009s CPU time.
-- Boot 195cf17999de4adab9fc6b19cdc8c1f6 --
Jun 27 04:16:18 H3 systemd[1]: Starting netclient.service - Netclient Daemon...
Jun 27 04:16:35 H3 systemd[1]: Started netclient.service - Netclient Daemon.
Jun 27 04:16:36 H3 netclient[926]: daemon called
Jun 27 04:16:36 H3 netclient[926]: [netclient] 2024-06-27 04:16:36 Starting firewall...
Jun 27 04:16:36 H3 netclient[926]: [netclient] 2024-06-27 04:16:36 iptables is supported
Jun 27 04:16:36 H3 netclient[926]: [netclient] 2024-06-27 04:16:36 adding forwarding rule
Jun 27 04:16:37 H3 netclient[926]: completed pull for server dentest.clustercat.com
Jun 27 04:16:37 H3 netclient[926]: [netclient] 2024-06-27 04:16:37 adding addresses to netmaker interface
Jun 27 04:16:37 H3 netclient[926]: [netclient] 2024-06-27 04:16:37 initialized endpoint detection on port 51821
Jun 27 04:16:37 H3 netclient[926]: [netclient] 2024-06-27 04:16:37 initialized endpoint detection on port 51821
Jun 27 04:16:38 H3 netclient[926]: {"time":"2024-06-27T04:16:38.536483433Z","level":"ERROR","source":"mqhandlers.go 151}","msg":"error updating client to server's version","error":"specified version of netclient doesn't exist https://github.com/gravitl/netclient/releases/download/v0.24.3/netclient-linux-amd64"}
Jun 27 04:21:30 H3 netclient[926]: {"time":"2024-06-27T04:21:30.955215971Z","level":"ERROR","source":"mqhandlers.go 151}","msg":"error updating client to server's version","error":"specified version of netclient doesn't exist https://github.com/gravitl/netclient/releases/download/v0.24.3/netclient-linux-amd64"}
Jun 27 04:21:45 H3 netclient[926]: {"time":"2024-06-27T04:21:45.410051857Z","level":"ERROR","source":"mqhandlers.go 151}","msg":"error updating client to server's version","error":"specified version of netclient doesn't exist https://github.com/gravitl/netclient/releases/download/v0.24.3/netclient-linux-amd64"}
Jun 27 04:21:45 H3 netclient[926]: {"time":"2024-06-27T04:21:45.740294947Z","level":"ERROR","source":"mqhandlers.go 151}","msg":"error updating client to server's version","error":"specified version of netclient doesn't exist https://github.com/gravitl/netclient/releases/download/v0.24.3/netclient-linux-amd64"}
Jun 27 04:22:24 H3 netclient[926]: {"time":"2024-06-27T04:22:24.606445654Z","level":"ERROR","source":"mqhandlers.go 151}","msg":"error updating client to server's version","error":"specified version of netclient doesn't exist https://github.com/gravitl/netclient/releases/download/v0.24.3/netclient-linux-amd64"}
Jun 27 04:22:24 H3 netclient[926]: {"time":"2024-06-27T04:22:24.661320104Z","level":"ERROR","source":"mqhandlers.go 151}","msg":"error updating client to server's version","error":"specified version of netclient doesn't exist https://github.com/gravitl/netclient/releases/download/v0.24.3/netclient-linux-amd64"}
Jun 27 04:22:24 H3 netclient[926]: {"time":"2024-06-27T04:22:24.885843809Z","level":"ERROR","source":"mqhandlers.go 151}","msg":"error updating client to server's version","error":"specified version of netclient doesn't exist https://github.com/gravitl/netclient/releases/download/v0.24.3/netclient-linux-amd64"}
Jun 27 04:22:25 H3 netclient[926]: {"time":"2024-06-27T04:22:25.141377552Z","level":"ERROR","source":"mqhandlers.go 151}","msg":"error updating client to server's version","error":"specified version of netclient doesn't exist https://github.com/gravitl/netclient/releases/download/v0.24.3/netclient-linux-amd64"}
Jun 27 04:22:29 H3 netclient[926]: {"time":"2024-06-27T04:22:29.309401184Z","level":"ERROR","source":"mqhandlers.go 151}","msg":"error updating client to server's version","error":"specified version of netclient doesn't exist https://github.com/gravitl/netclient/releases/download/v0.24.3/netclient-linux-amd64"}
Jun 27 04:22:29 H3 netclient[926]: {"time":"2024-06-27T04:22:29.397159112Z","level":"ERROR","source":"mqhandlers.go 151}","msg":"error updating client to server's version","error":"specified version of netclient doesn't exist https://github.com/gravitl/netclient/releases/download/v0.24.3/netclient-linux-amd64"}
Jun 27 04:22:33 H3 netclient[926]: {"time":"2024-06-27T04:22:33.069429027Z","level":"ERROR","source":"mqhandlers.go 151}","msg":"error updating client to server's version","error":"specified version of netclient doesn't exist https://github.com/gravitl/netclient/releases/download/v0.24.3/netclient-linux-amd64"}
Jun 27 04:22:34 H3 netclient[926]: {"time":"2024-06-27T04:22:34.430872803Z","level":"ERROR","source":"mqhandlers.go 151}","msg":"error updating client to server's version","error":"specified version of netclient doesn't exist https://github.com/gravitl/netclient/releases/download/v0.24.3/netclient-linux-amd64"}
Jun 27 04:22:34 H3 netclient[926]: {"time":"2024-06-27T04:22:34.527060147Z","level":"ERROR","source":"mqhandlers.go 151}","msg":"error updating client to server's version","error":"specified version of netclient doesn't exist https://github.com/gravitl/netclient/releases/download/v0.24.3/netclient-linux-amd64"}
Jun 27 04:22:34 H3 netclient[926]: {"time":"2024-06-27T04:22:34.547366325Z","level":"ERROR","source":"mqhandlers.go 151}","msg":"error updating client to server's version","error":"specified version of netclient doesn't exist https://github.com/gravitl/netclient/releases/download/v0.24.3/netclient-linux-amd64"}
Jun 27 04:26:30 H3 netclient[926]: {"time":"2024-06-27T04:26:30.991006827Z","level":"ERROR","source":"mqhandlers.go 151}","msg":"error updating client to server's version","error":"specified version of netclient doesn't exist https://github.com/gravitl/netclient/releases/download/v0.24.3/netclient-linux-amd64"}
Jun 27 04:31:31 H3 netclient[926]: {"time":"2024-06-27T04:31:31.06884153Z","level":"ERROR","source":"mqhandlers.go 151}","msg":"error updating client to server's version","error":"specified version of netclient doesn't exist https://github.com/gravitl/netclient/releases/download/v0.24.3/netclient-linux-amd64"}
Jun 27 04:36:31 H3 netclient[926]: {"time":"2024-06-27T04:36:31.095019849Z","level":"ERROR","source":"mqhandlers.go 151}","msg":"error updating client to server's version","error":"specified version of netclient doesn't exist https://github.com/gravitl/netclient/releases/download/v0.24.3/netclient-linux-amd64"}
Jun 27 04:41:31 H3 netclient[926]: {"time":"2024-06-27T04:41:31.133909777Z","level":"ERROR","source":"mqhandlers.go 151}","msg":"error updating client to server's version","error":"specified version of netclient doesn't exist https://github.com/gravitl/netclient/releases/download/v0.24.3/netclient-linux-amd64"}
Jun 27 04:46:31 H3 netclient[926]: {"time":"2024-06-27T04:46:31.190285407Z","level":"ERROR","source":"mqhandlers.go 151}","msg":"error updating client to server's version","error":"specified version of netclient doesn't exist https://github.com/gravitl/netclient/releases/download/v0.24.3/netclient-linux-amd64"}
Jun 27 04:51:31 H3 netclient[926]: {"time":"2024-06-27T04:51:31.212298258Z","level":"ERROR","source":"mqhandlers.go 151}","msg":"error updating client to server's version","error":"specified version of netclient doesn't exist https://github.com/gravitl/netclient/releases/download/v0.24.3/netclient-linux-amd64"}
Jun 27 04:56:31 H3 netclient[926]: {"time":"2024-06-27T04:56:31.295859817Z","level":"ERROR","source":"mqhandlers.go 151}","msg":"error updating client to server's version","error":"specified version of netclient doesn't exist https://github.com/gravitl/netclient/releases/download/v0.24.3/netclient-linux-amd64"}
Jun 27 05:01:31 H3 netclient[926]: {"time":"2024-06-27T05:01:31.38879618Z","level":"ERROR","source":"mqhandlers.go 151}","msg":"error updating client to server's version","error":"specified version of netclient doesn't exist https://github.com/gravitl/netclient/releases/download/v0.24.3/netclient-linux-amd64"}
Jun 27 05:06:31 H3 netclient[926]: {"time":"2024-06-27T05:06:31.429232644Z","level":"ERROR","source":"mqhandlers.go 151}","msg":"error updating client to server's version","error":"specified version of netclient doesn't exist https://github.com/gravitl/netclient/releases/download/v0.24.3/netclient-linux-amd64"}
Jun 27 05:11:31 H3 netclient[926]: {"time":"2024-06-27T05:11:31.496915557Z","level":"ERROR","source":"mqhandlers.go 151}","msg":"error updating client to server's version","error":"specified version of netclient doesn't exist https://github.com/gravitl/netclient/releases/download/v0.24.3/netclient-linux-amd64"}
Jun 27 05:16:31 H3 netclient[926]: {"time":"2024-06-27T05:16:31.551316238Z","level":"ERROR","source":"mqhandlers.go 151}","msg":"error updating client to server's version","error":"specified version of netclient doesn't exist https://github.com/gravitl/netclient/releases/download/v0.24.3/netclient-linux-amd64"}
Jun 27 05:21:31 H3 netclient[926]: {"time":"2024-06-27T05:21:31.587250852Z","level":"ERROR","source":"mqhandlers.go 151}","msg":"error updating client to server's version","error":"specified version of netclient doesn't exist https://github.com/gravitl/netclient/releases/download/v0.24.3/netclient-linux-amd64"}
Jun 27 05:26:31 H3 netclient[926]: {"time":"2024-06-27T05:26:31.689018027Z","level":"ERROR","source":"mqhandlers.go 151}","msg":"error updating client to server's version","error":"specified version of netclient doesn't exist https://github.com/gravitl/netclient/releases/download/v0.24.3/netclient-linux-amd64"}
Jun 27 05:31:31 H3 netclient[926]: {"time":"2024-06-27T05:31:31.696957542Z","level":"ERROR","source":"mqhandlers.go 151}","msg":"error updating client to server's version","error":"specified version of netclient doesn't exist https://github.com/gravitl/netclient/releases/download/v0.24.3/netclient-linux-amd64"}
Jun 27 05:36:31 H3 netclient[926]: {"time":"2024-06-27T05:36:31.815116522Z","level":"ERROR","source":"mqhandlers.go 151}","msg":"error updating client to server's version","error":"specified version of netclient doesn't exist https://github.com/gravitl/netclient/releases/download/v0.24.3/netclient-linux-amd64"}
Jun 27 05:41:31 H3 netclient[926]: {"time":"2024-06-27T05:41:31.809592171Z","level":"ERROR","source":"mqhandlers.go 151}","msg":"error updating client to server's version","error":"specified version of netclient doesn't exist https://github.com/gravitl/netclient/releases/download/v0.24.3/netclient-linux-amd64"}
Jun 27 05:46:31 H3 netclient[926]: {"time":"2024-06-27T05:46:31.85950593Z","level":"ERROR","source":"mqhandlers.go 151}","msg":"error updating client to server's version","error":"specified version of netclient doesn't exist https://github.com/gravitl/netclient/releases/download/v0.24.3/netclient-linux-amd64"}
Jun 27 05:51:31 H3 netclient[926]: {"time":"2024-06-27T05:51:31.906718302Z","level":"ERROR","source":"mqhandlers.go 151}","msg":"error updating client to server's version","error":"specified version of netclient doesn't exist https://github.com/gravitl/netclient/releases/download/v0.24.3/netclient-linux-amd64"}
Jun 27 05:56:31 H3 netclient[926]: {"time":"2024-06-27T05:56:31.992099762Z","level":"ERROR","source":"mqhandlers.go 151}","msg":"error updating client to server's version","error":"specified version of netclient doesn't exist https://github.com/gravitl/netclient/releases/download/v0.24.3/netclient-linux-amd64"}
Jun 27 06:01:32 H3 netclient[926]: {"time":"2024-06-27T06:01:32.062703693Z","level":"ERROR","source":"mqhandlers.go 151}","msg":"error updating client to server's version","error":"specified version of netclient doesn't exist https://github.com/gravitl/netclient/releases/download/v0.24.3/netclient-linux-amd64"}
Jun 27 06:06:32 H3 netclient[926]: {"time":"2024-06-27T06:06:32.170950619Z","level":"ERROR","source":"mqhandlers.go 151}","msg":"error updating client to server's version","error":"specified version of netclient doesn't exist https://github.com/gravitl/netclient/releases/download/v0.24.3/netclient-linux-amd64"}
Jun 27 06:11:32 H3 netclient[926]: {"time":"2024-06-27T06:11:32.188459001Z","level":"ERROR","source":"mqhandlers.go 151}","msg":"error updating client to server's version","error":"specified version of netclient doesn't exist https://github.com/gravitl/netclient/releases/download/v0.24.3/netclient-linux-amd64"}
Jun 27 06:16:32 H3 netclient[926]: {"time":"2024-06-27T06:16:32.218272848Z","level":"ERROR","source":"mqhandlers.go 151}","msg":"error updating client to server's version","error":"specified version of netclient doesn't exist https://github.com/gravitl/netclient/releases/download/v0.24.3/netclient-linux-amd64"}
Jun 27 06:17:15 H3 netclient[926]: {"time":"2024-06-27T06:17:15.000817842Z","level":"ERROR","source":"mqhandlers.go 151}","msg":"error updating client to server's version","error":"specified version of netclient doesn't exist https://github.com/gravitl/netclient/releases/download/v0.24.3/netclient-linux-amd64"}
Jun 27 06:21:32 H3 netclient[926]: {"time":"2024-06-27T06:21:32.298921175Z","level":"ERROR","source":"mqhandlers.go 151}","msg":"error updating client to server's version","error":"specified version of netclient doesn't exist https://github.com/gravitl/netclient/releases/download/v0.24.3/netclient-linux-amd64"}
Jun 27 06:22:35 H3 netclient[926]: {"time":"2024-06-27T06:22:35.645692264Z","level":"ERROR","source":"mqhandlers.go 151}","msg":"error updating client to server's version","error":"specified version of netclient doesn't exist https://github.com/gravitl/netclient/releases/download/v0.24.3/netclient-linux-amd64"}
Jun 27 06:22:45 H3 netclient[926]: {"time":"2024-06-27T06:22:45.521122069Z","level":"ERROR","source":"mqhandlers.go 151}","msg":"error updating client to server's version","error":"specified version of netclient doesn't exist https://github.com/gravitl/netclient/releases/download/v0.24.3/netclient-linux-amd64"}
Jun 27 06:23:03 H3 netclient[926]: {"time":"2024-06-27T06:23:03.614172488Z","level":"ERROR","source":"mqhandlers.go 151}","msg":"error updating client to server's version","error":"specified version of netclient doesn't exist https://github.com/gravitl/netclient/releases/download/v0.24.3/netclient-linux-amd64"}
Jun 27 06:23:03 H3 netclient[926]: {"time":"2024-06-27T06:23:03.742257556Z","level":"ERROR","source":"mqhandlers.go 151}","msg":"error updating client to server's version","error":"specified version of netclient doesn't exist https://github.com/gravitl/netclient/releases/download/v0.24.3/netclient-linux-amd64"}
Jun 27 06:23:17 H3 netclient[926]: {"time":"2024-06-27T06:23:17.597290361Z","level":"ERROR","source":"mqhandlers.go 151}","msg":"error updating client to server's version","error":"specified version of netclient doesn't exist https://github.com/gravitl/netclient/releases/download/v0.24.3/netclient-linux-amd64"}
Jun 27 06:23:17 H3 netclient[926]: {"time":"2024-06-27T06:23:17.716474582Z","level":"ERROR","source":"mqhandlers.go 151}","msg":"error updating client to server's version","error":"specified version of netclient doesn't exist https://github.com/gravitl/netclient/releases/download/v0.24.3/netclient-linux-amd64"}
Jun 27 06:23:27 H3 netclient[926]: {"time":"2024-06-27T06:23:27.546240148Z","level":"ERROR","source":"mqhandlers.go 151}","msg":"error updating client to server's version","error":"specified version of netclient doesn't exist https://github.com/gravitl/netclient/releases/download/v0.24.3/netclient-linux-amd64"}
Jun 27 06:24:07 H3 netclient[926]: {"time":"2024-06-27T06:24:07.902795133Z","level":"ERROR","source":"mqhandlers.go 151}","msg":"error updating client to server's version","error":"specified version of netclient doesn't exist https://github.com/gravitl/netclient/releases/download/v0.24.3/netclient-linux-amd64"}
Jun 27 06:24:08 H3 netclient[926]: {"time":"2024-06-27T06:24:08.949432728Z","level":"ERROR","source":"mqhandlers.go 151}","msg":"error updating client to server's version","error":"specified version of netclient doesn't exist https://github.com/gravitl/netclient/releases/download/v0.24.3/netclient-linux-amd64"}
Jun 27 06:24:10 H3 netclient[926]: {"time":"2024-06-27T06:24:10.682296457Z","level":"ERROR","source":"mqhandlers.go 151}","msg":"error updating client to server's version","error":"specified version of netclient doesn't exist https://github.com/gravitl/netclient/releases/download/v0.24.3/netclient-linux-amd64"}
Jun 27 06:24:12 H3 netclient[926]: {"time":"2024-06-27T06:24:12.084683297Z","level":"ERROR","source":"mqhandlers.go 151}","msg":"error updating client to server's version","error":"specified version of netclient doesn't exist https://github.com/gravitl/netclient/releases/download/v0.24.3/netclient-linux-amd64"}
Jun 27 06:26:12 H3 netclient[926]: {"time":"2024-06-27T06:26:12.759207349Z","level":"ERROR","source":"mqhandlers.go 151}","msg":"error updating client to server's version","error":"specified version of netclient doesn't exist https://github.com/gravitl/netclient/releases/download/v0.24.3/netclient-linux-amd64"}
Jun 27 06:26:32 H3 netclient[926]: {"time":"2024-06-27T06:26:32.452789244Z","level":"ERROR","source":"mqhandlers.go 151}","msg":"error updating client to server's version","error":"specified version of netclient doesn't exist https://github.com/gravitl/netclient/releases/download/v0.24.3/netclient-linux-amd64"}
Jun 27 06:29:46 H3 netclient[926]: {"time":"2024-06-27T06:29:46.588572904Z","level":"ERROR","source":"mqhandlers.go 151}","msg":"error updating client to server's version","error":"specified version of netclient doesn't exist https://github.com/gravitl/netclient/releases/download/v0.24.3/netclient-linux-amd64"}
Jun 27 06:31:33 H3 netclient[926]: {"time":"2024-06-27T06:31:33.360873847Z","level":"ERROR","source":"mqhandlers.go 151}","msg":"error updating client to server's version","error":"specified version of netclient doesn't exist https://github.com/gravitl/netclient/releases/download/v0.24.3/netclient-linux-amd64"}
Jun 27 06:31:47 H3 netclient[926]: {"time":"2024-06-27T06:31:47.793735785Z","level":"ERROR","source":"mqhandlers.go 151}","msg":"error updating client to server's version","error":"specified version of netclient doesn't exist https://github.com/gravitl/netclient/releases/download/v0.24.3/netclient-linux-amd64"}
Jun 27 06:33:22 H3 netclient[926]: {"time":"2024-06-27T06:33:22.193113473Z","level":"ERROR","source":"mqhandlers.go 151}","msg":"error updating client to server's version","error":"specified version of netclient doesn't exist https://github.com/gravitl/netclient/releases/download/v0.24.3/netclient-linux-amd64"}
Jun 27 06:34:05 H3 netclient[926]: {"time":"2024-06-27T06:34:05.298722991Z","level":"ERROR","source":"mqhandlers.go 151}","msg":"error updating client to server's version","error":"specified version of netclient doesn't exist https://github.com/gravitl/netclient/releases/download/v0.24.3/netclient-linux-amd64"}
Jun 27 06:34:05 H3 netclient[926]: {"time":"2024-06-27T06:34:05.48876919Z","level":"ERROR","source":"mqhandlers.go 151}","msg":"error updating client to server's version","error":"specified version of netclient doesn't exist https://github.com/gravitl/netclient/releases/download/v0.24.3/netclient-linux-amd64"}
Jun 27 06:36:32 H3 netclient[926]: {"time":"2024-06-27T06:36:32.552553341Z","level":"ERROR","source":"mqhandlers.go 151}","msg":"error updating client to server's version","error":"specified version of netclient doesn't exist https://github.com/gravitl/netclient/releases/download/v0.24.3/netclient-linux-amd64"}
Jun 27 06:38:00 H3 netclient[926]: {"time":"2024-06-27T06:38:00.853304912Z","level":"ERROR","source":"mqhandlers.go 151}","msg":"error updating client to server's version","error":"specified version of netclient doesn't exist https://github.com/gravitl/netclient/releases/download/v0.24.3/netclient-linux-amd64"}
Jun 27 06:38:48 H3 netclient[926]: {"time":"2024-06-27T06:38:48.325399196Z","level":"ERROR","source":"mqhandlers.go 151}","msg":"error updating client to server's version","error":"specified version of netclient doesn't exist https://github.com/gravitl/netclient/releases/download/v0.24.3/netclient-linux-amd64"}
Jun 27 06:38:48 H3 netclient[926]: {"time":"2024-06-27T06:38:48.430671525Z","level":"ERROR","source":"mqhandlers.go 151}","msg":"error updating client to server's version","error":"specified version of netclient doesn't exist https://github.com/gravitl/netclient/releases/download/v0.24.3/netclient-linux-amd64"}
Jun 27 06:38:48 H3 netclient[926]: {"time":"2024-06-27T06:38:48.589092746Z","level":"ERROR","source":"mqhandlers.go 151}","msg":"error updating client to server's version","error":"specified version of netclient doesn't exist https://github.com/gravitl/netclient/releases/download/v0.24.3/netclient-linux-amd64"}
Jun 27 06:38:48 H3 netclient[926]: {"time":"2024-06-27T06:38:48.614828569Z","level":"ERROR","source":"mqhandlers.go 151}","msg":"error updating client to server's version","error":"specified version of netclient doesn't exist https://github.com/gravitl/netclient/releases/download/v0.24.3/netclient-linux-amd64"}
Jun 27 06:40:07 H3 netclient[926]: {"time":"2024-06-27T06:40:07.11239421Z","level":"ERROR","source":"mqhandlers.go 151}","msg":"error updating client to server's version","error":"specified version of netclient doesn't exist https://github.com/gravitl/netclient/releases/download/v0.24.3/netclient-linux-amd64"}
Jun 27 06:40:16 H3 netclient[926]: {"time":"2024-06-27T06:40:16.609459688Z","level":"ERROR","source":"mqhandlers.go 151}","msg":"error updating client to server's version","error":"specified version of netclient doesn't exist https://github.com/gravitl/netclient/releases/download/v0.24.3/netclient-linux-amd64"}
Jun 27 06:40:45 H3 netclient[926]: {"time":"2024-06-27T06:40:45.164115996Z","level":"ERROR","source":"mqhandlers.go 151}","msg":"error updating client to server's version","error":"specified version of netclient doesn't exist https://github.com/gravitl/netclient/releases/download/v0.24.3/netclient-linux-amd64"}
Jun 27 06:40:45 H3 netclient[926]: {"time":"2024-06-27T06:40:45.26219574Z","level":"ERROR","source":"mqhandlers.go 151}","msg":"error updating client to server's version","error":"specified version of netclient doesn't exist https://github.com/gravitl/netclient/releases/download/v0.24.3/netclient-linux-amd64"}
Jun 27 06:40:52 H3 netclient[926]: {"time":"2024-06-27T06:40:52.841912808Z","level":"ERROR","source":"mqhandlers.go 151}","msg":"error updating client to server's version","error":"specified version of netclient doesn't exist https://github.com/gravitl/netclient/releases/download/v0.24.3/netclient-linux-amd64"}
Jun 27 06:41:00 H3 netclient[926]: {"time":"2024-06-27T06:41:00.635436711Z","level":"ERROR","source":"mqhandlers.go 151}","msg":"error updating client to server's version","error":"specified version of netclient doesn't exist https://github.com/gravitl/netclient/releases/download/v0.24.3/netclient-linux-amd64"}
Jun 27 06:41:33 H3 netclient[926]: {"time":"2024-06-27T06:41:33.484140037Z","level":"ERROR","source":"mqhandlers.go 151}","msg":"error updating client to server's version","error":"specified version of netclient doesn't exist https://github.com/gravitl/netclient/releases/download/v0.24.3/netclient-linux-amd64"}
Jun 27 06:41:48 H3 netclient[926]: {"time":"2024-06-27T06:41:48.271738373Z","level":"ERROR","source":"mqhandlers.go 151}","msg":"error updating client to server's version","error":"specified version of netclient doesn't exist https://github.com/gravitl/netclient/releases/download/v0.24.3/netclient-linux-amd64"}
Jun 27 06:41:48 H3 netclient[926]: {"time":"2024-06-27T06:41:48.608122714Z","level":"ERROR","source":"mqhandlers.go 151}","msg":"error updating client to server's version","error":"specified version of netclient doesn't exist https://github.com/gravitl/netclient/releases/download/v0.24.3/netclient-linux-amd64"}
Jun 27 06:41:48 H3 netclient[926]: {"time":"2024-06-27T06:41:48.948083637Z","level":"ERROR","source":"mqhandlers.go 151}","msg":"error updating client to server's version","error":"specified version of netclient doesn't exist https://github.com/gravitl/netclient/releases/download/v0.24.3/netclient-linux-amd64"}
Jun 27 06:41:49 H3 netclient[926]: {"time":"2024-06-27T06:41:49.282037068Z","level":"ERROR","source":"mqhandlers.go 151}","msg":"error updating client to server's version","error":"specified version of netclient doesn't exist https://github.com/gravitl/netclient/releases/download/v0.24.3/netclient-linux-amd64"}
Jun 27 06:43:45 H3 netclient[926]: {"time":"2024-06-27T06:43:45.912446718Z","level":"ERROR","source":"mqhandlers.go 151}","msg":"error updating client to server's version","error":"specified version of netclient doesn't exist https://github.com/gravitl/netclient/releases/download/v0.24.3/netclient-linux-amd64"}
Jun 27 06:43:48 H3 netclient[926]: {"time":"2024-06-27T06:43:48.119152504Z","level":"ERROR","source":"mqhandlers.go 151}","msg":"error updating client to server's version","error":"specified version of netclient doesn't exist https://github.com/gravitl/netclient/releases/download/v0.24.3/netclient-linux-amd64"}
Jun 27 06:43:52 H3 netclient[926]: {"time":"2024-06-27T06:43:52.866003964Z","level":"ERROR","source":"mqhandlers.go 151}","msg":"error updating client to server's version","error":"specified version of netclient doesn't exist https://github.com/gravitl/netclient/releases/download/v0.24.3/netclient-linux-amd64"}
